Using pre-set license
Built from '2022.3/staging' branch; Version is '2022.3.22f1 (887be4894c44) revision 8944612'; Using compiler version '192829333'; Build Type 'Release'
OS: 'Windows 10  (10.0.19045) 64bit Professional' Language: 'ru' Physical Memory: 32699 MB
BatchMode: 1, IsHumanControllingUs: 0, StartBugReporterOnCrash: 0, Is64bit: 1, IsPro: 1

COMMAND LINE ARGUMENTS:
E:\Programs\Unity\Editor\2022.3.22f1\Editor\Unity.exe
-adb2
-batchMode
-noUpm
-name
AssetImportWorker1
-projectPath
E:/Projects/TonDurakTest
-logFile
Logs/AssetImportWorker1.log
-srvPort
56967
Successfully changed project path to: E:/Projects/TonDurakTest
E:/Projects/TonDurakTest
[UnityMemory] Configuration Parameters - Can be set up in boot.config
    "memorysetup-bucket-allocator-granularity=16"
    "memorysetup-bucket-allocator-bucket-count=8"
    "memorysetup-bucket-allocator-block-size=33554432"
    "memorysetup-bucket-allocator-block-count=8"
    "memorysetup-main-allocator-block-size=16777216"
    "memorysetup-thread-allocator-block-size=16777216"
    "memorysetup-gfx-main-allocator-block-size=16777216"
    "memorysetup-gfx-thread-allocator-block-size=16777216"
    "memorysetup-cache-allocator-block-size=4194304"
    "memorysetup-typetree-allocator-block-size=2097152"
    "memorysetup-profiler-bucket-allocator-granularity=16"
    "memorysetup-profiler-bucket-allocator-bucket-count=8"
    "memorysetup-profiler-bucket-allocator-block-size=33554432"
    "memorysetup-profiler-bucket-allocator-block-count=8"
    "memorysetup-profiler-allocator-block-size=16777216"
    "memorysetup-profiler-editor-allocator-block-size=1048576"
    "memorysetup-temp-allocator-size-main=16777216"
    "memorysetup-job-temp-allocator-block-size=2097152"
    "memorysetup-job-temp-allocator-block-size-background=1048576"
    "memorysetup-job-temp-allocator-reduction-small-platforms=262144"
    "memorysetup-allocator-temp-initial-block-size-main=262144"
    "memorysetup-allocator-temp-initial-block-size-worker=262144"
    "memorysetup-temp-allocator-size-background-worker=32768"
    "memorysetup-temp-allocator-size-job-worker=262144"
    "memorysetup-temp-allocator-size-preload-manager=33554432"
    "memorysetup-temp-allocator-size-nav-mesh-worker=65536"
    "memorysetup-temp-allocator-size-audio-worker=65536"
    "memorysetup-temp-allocator-size-cloud-worker=32768"
    "memorysetup-temp-allocator-size-gi-baking-worker=262144"
    "memorysetup-temp-allocator-size-gfx=262144"
Player connection [25212] Host "[IP] 192.168.1.91 [Port] 0 [Flags] 2 [Guid] 4225509833 [EditorId] 4225509833 [Version] 1048832 [Id] WindowsEditor(7,DESKTOP-FJJKP0J) [Debug] 1 [PackageName] WindowsEditor [ProjectName] Editor" joined multi-casting on [225.0.0.222:54997]...

Player connection [25212] Host "[IP] 192.168.1.91 [Port] 0 [Flags] 2 [Guid] 4225509833 [EditorId] 4225509833 [Version] 1048832 [Id] WindowsEditor(7,DESKTOP-FJJKP0J) [Debug] 1 [PackageName] WindowsEditor [ProjectName] Editor" joined alternative multi-casting on [225.0.0.222:34997]...

[Physics::Module] Initialized MultithreadedJobDispatcher with 15 workers.
Refreshing native plugins compatible for Editor in 26.69 ms, found 3 plugins.
Preloading 0 native plugins for Editor in 0.00 ms.
Initialize engine version: 2022.3.22f1 (887be4894c44)
[Subsystems] Discovering subsystems at path E:/Programs/Unity/Editor/2022.3.22f1/Editor/Data/Resources/UnitySubsystems
[Subsystems] Discovering subsystems at path E:/Projects/TonDurakTest/Assets
GfxDevice: creating device client; threaded=0; jobified=0
Direct3D:
    Version:  Direct3D 11.0 [level 11.1]
    Renderer: NVIDIA GeForce RTX 3060 Ti (ID=0x2489)
    Vendor:   NVIDIA
    VRAM:     8024 MB
    Driver:   31.0.15.5161
Initialize mono
Mono path[0] = 'E:/Programs/Unity/Editor/2022.3.22f1/Editor/Data/Managed'
Mono path[1] = 'E:/Programs/Unity/Editor/2022.3.22f1/Editor/Data/MonoBleedingEdge/lib/mono/unityjit-win32'
Mono config path = 'E:/Programs/Unity/Editor/2022.3.22f1/Editor/Data/MonoBleedingEdge/etc'
Using monoOptions --debugger-agent=transport=dt_socket,embedding=1,server=y,suspend=n,address=127.0.0.1:56772
Begin MonoManager ReloadAssembly
Registering precompiled unity dll's ...
Register platform support module: E:/Programs/Unity/Editor/2022.3.22f1/Editor/Data/PlaybackEngines/WebGLSupport/UnityEditor.WebGL.Extensions.dll
Register platform support module: E:/Programs/Unity/Editor/2022.3.22f1/Editor/Data/PlaybackEngines/AndroidPlayer/UnityEditor.Android.Extensions.dll
Register platform support module: E:/Programs/Unity/Editor/2022.3.22f1/Editor/Data/PlaybackEngines/iOSSupport/UnityEditor.iOS.Extensions.dll
Register platform support module: E:/Programs/Unity/Editor/2022.3.22f1/Editor/Data/PlaybackEngines/WindowsStandaloneSupport/UnityEditor.WindowsStandalone.Extensions.dll
Registered in 0.020084 seconds.
- Loaded All Assemblies, in  0.591 seconds
Native extension for WindowsStandalone target not found
[usbmuxd] Start listen thread
[usbmuxd] Listen thread started
Native extension for iOS target not found
Native extension for Android target not found
Android Extension - Scanning For ADB Devices 465 ms
Native extension for WebGL target not found
Mono: successfully reloaded assembly
- Finished resetting the current domain, in  0.958 seconds
Domain Reload Profiling: 1547ms
	BeginReloadAssembly (173ms)
		ExecutionOrderSort (0ms)
		DisableScriptedObjects (0ms)
		BackupInstance (0ms)
		ReleaseScriptingObjects (0ms)
		CreateAndSetChildDomain (1ms)
	RebuildCommonClasses (53ms)
	RebuildNativeTypeToScriptingClass (15ms)
	initialDomainReloadingComplete (98ms)
	LoadAllAssembliesAndSetupDomain (250ms)
		LoadAssemblies (174ms)
		RebuildTransferFunctionScriptingTraits (0ms)
		AnalyzeDomain (244ms)
			TypeCache.Refresh (242ms)
				TypeCache.ScanAssembly (221ms)
			ScanForSourceGeneratedMonoScriptInfo (0ms)
			ResolveRequiredComponents (1ms)
	FinalizeReload (959ms)
		ReleaseScriptCaches (0ms)
		RebuildScriptCaches (0ms)
		SetupLoadedEditorAssemblies (877ms)
			LogAssemblyErrors (0ms)
			InitializePlatformSupportModulesInManaged (639ms)
			SetLoadedEditorAssemblies (6ms)
			RefreshPlugins (0ms)
			BeforeProcessingInitializeOnLoad (3ms)
			ProcessInitializeOnLoadAttributes (164ms)
			ProcessInitializeOnLoadMethodAttributes (65ms)
			AfterProcessingInitializeOnLoad (0ms)
			EditorAssembliesLoaded (0ms)
		ExecutionOrderSort2 (0ms)
		AwakeInstancesAfterBackupRestoration (0ms)
========================================================================
Worker process is ready to serve import requests
Begin MonoManager ReloadAssembly
Assembly 'Library/ScriptAssemblies/Assembly-CSharp.dll' will not be loaded due to errors:
Unable to resolve reference 'Alteruna.Trinity'. Is the assembly missing or incompatible with the current platform?
Reference validation can be disabled in the Plugin Inspector.
Unable to resolve reference 'Alteruna.TrinityEditor'. Is the assembly missing or incompatible with the current platform?
Reference validation can be disabled in the Plugin Inspector.
Symbol file LoadedFromMemory is not a mono symbol file
- Loaded All Assemblies, in  4.088 seconds
Refreshing native plugins compatible for Editor in 5.36 ms, found 3 plugins.
Native extension for WindowsStandalone target not found
Native extension for iOS target not found
Native extension for Android target not found
Native extension for WebGL target not found
Package Manager log level set to [2]
[Package Manager] Server::EnsureServerProcessIsRunning -- launch failed, reason: Unity was launched with the -noUpm command-line argument
[Package Manager] UpmClient::Send -- Unable to send message (not connected to UPM process).
[Package Manager] Cannot connect to Unity Package Manager local server
Mono: successfully reloaded assembly
- Finished resetting the current domain, in  1.089 seconds
Domain Reload Profiling: 5175ms
	BeginReloadAssembly (227ms)
		ExecutionOrderSort (0ms)
		DisableScriptedObjects (9ms)
		BackupInstance (0ms)
		ReleaseScriptingObjects (0ms)
		CreateAndSetChildDomain (30ms)
	RebuildCommonClasses (60ms)
	RebuildNativeTypeToScriptingClass (17ms)
	initialDomainReloadingComplete (59ms)
	LoadAllAssembliesAndSetupDomain (3722ms)
		LoadAssemblies (3554ms)
		RebuildTransferFunctionScriptingTraits (0ms)
		AnalyzeDomain (307ms)
			TypeCache.Refresh (277ms)
				TypeCache.ScanAssembly (247ms)
			ScanForSourceGeneratedMonoScriptInfo (22ms)
			ResolveRequiredComponents (7ms)
	FinalizeReload (1089ms)
		ReleaseScriptCaches (0ms)
		RebuildScriptCaches (0ms)
		SetupLoadedEditorAssemblies (861ms)
			LogAssemblyErrors (0ms)
			InitializePlatformSupportModulesInManaged (64ms)
			SetLoadedEditorAssemblies (5ms)
			RefreshPlugins (0ms)
			BeforeProcessingInitializeOnLoad (89ms)
			ProcessInitializeOnLoadAttributes (663ms)
			ProcessInitializeOnLoadMethodAttributes (34ms)
			AfterProcessingInitializeOnLoad (6ms)
			EditorAssembliesLoaded (0ms)
		ExecutionOrderSort2 (0ms)
		AwakeInstancesAfterBackupRestoration (11ms)
Launched and connected shader compiler UnityShaderCompiler.exe after 0.09 seconds
Refreshing native plugins compatible for Editor in 4.90 ms, found 3 plugins.
Preloading 0 native plugins for Editor in 0.00 ms.
Unloading 3227 Unused Serialized files (Serialized files now loaded: 0)
Unloading 42 unused Assets / (62.2 KB). Loaded Objects now: 3682.
Memory consumption went from 133.9 MB to 133.8 MB.
Total: 4.917200 ms (FindLiveObjects: 0.350800 ms CreateObjectMapping: 0.101600 ms MarkObjects: 4.274100 ms  DeleteObjects: 0.189100 ms)

AssetImportParameters requested are different than current active one (requested -> active):
  custom:scripting/monoscript/fileName/CardsDealer.cs: 8ac51a3c0c387f447e84be3a86f7447b -> 
  custom:scripting/monoscript/fileName/BasePlayerView.cs: 04e9c7de31016324a3fdffe90870c0c0 -> 
  custom:scripting/monoscript/fileName/RoomDataSaver.cs: 1caacf0391a7601f1c3aa8658e3aa74e -> 
  custom:scripting/monoscript/fileName/CardsInventoryHandler.cs: ff98dca147cd0dd0061edbbb857a6884 -> 
  custom:scripting/monoscript/fileName/TakingCardsHandler.cs: 44d2f676533a7f06f16c09604f9f2fdb -> 
  custom:scripting/precompiled-assembly-types:Alteruna.TrinityEditor: f5ea3937d690111f3fae081f6e338370 -> 
  custom:scripting/monoscript/fileName/ExampleRpcProcedureParameters.cs: 8006dab72d3c5ee713ee7bdab83bd367 -> 
  custom:container-demuxer-ogg: 62fdf1f143b41e24485cea50d1cbac27 -> 
  custom:scripting/monoscript/fileName/CardsLayout.cs: eff4b3aaa9f0d71ec19c17587e62cf7c -> 
  custom:scripting/monoscript/fileName/MapDescriptions.cs: dcd4ad2f82c269008ba8ebdac8729125 -> 
  custom:scripting/monoscript/fileName/GameManager.cs: 5010e97345969980589c4a0744278260 -> 
  custom:scripting/monoscript/fileName/TakeButtonHandler.cs: 1f2b9b39b352060df67c10ebd06bb150 -> 
  custom:scripting/monoscript/fileName/MultiplayerHandler.cs: 242b478d78c11a5dc25361b676b967e3 -> 
  custom:scripting/monoscript/fileName/BaseSelectButton.cs: 6ca6a7903476529750299424a1993e44 -> 
  custom:scripting/monoscript/fileName/PlayersAssigner.cs: b6c65abe3896c7a95a0e5f957ebc9809 -> 
  custom:scripting/monoscript/fileName/JWTTaker.cs: adc4884fdd6a02fa722ca57460247339 -> 
  custom:video-decoder-ogg-theora: a1e56fd34408186e4bbccfd4996cb3dc -> 
  custom:scripting/monoscript/fileName/TrashView.cs: 2cfbc4842fc5649235743e01d3730597 -> 
  custom:framework-win-MediaFoundation: 216162199b28c13a410421893ffa2e32 -> 
  custom:scripting/monoscript/fileName/NetworkCardData.cs: dda450dba202858bb99f0e5aa0962d24 -> 
  custom:scripting/monoscript/fileName/CommandTarget.cs: 1607969702e055d433bdcd8d50744d0d -> 
  custom:scripting/monoscript/fileName/NetworkConverter.cs: 82cd12050fe90ad1678d42995eb02771 -> 
  custom:scripting/monoscript/fileName/GameSceneLoading.cs: c2d4a02aed9ed8ff086207aadeb9f7ed -> 
  custom:scripting/monoscript/fileName/GameTypeSelectButton.cs: 332c677431ce43f5522a96afce8e7fc1 -> 
  custom:scripting/monoscript/fileName/TableCardsView.cs: 963fb9021261217af4d750f5acb97d61 -> 
  custom:scripting/monoscript/fileName/CardData.cs: 399fa9a6a55a568136b24c04fd07ed5c -> 
  custom:scripting/monoscript/fileName/GameTypeMarker.cs: 1862cc1fde436b59e8c9bfb428aac1c9 -> 
  custom:scripting/monoscript/fileName/OtherPlayerView.cs: 7d589fb007d3a035647d3f2231f67b16 -> 
  custom:scripting/monoscript/fileName/RoomBrowserRow.cs: 0263fbf2f840a2609629f8a1ac39c37e -> 
  custom:CustomObjectIndexerAttribute: 9a22284fe3817be447336de3de66b15e -> 
  custom:container-demuxer-webm: 4f35f7cbe854078d1ac9338744f61a02 -> 
  custom:scripting/monoscript/fileName/GlobalCardsContainer.cs: 1bc4c2eece27a4da86690f3bd2e47fae -> 
  custom:scripting/monoscript/fileName/CommandRotate.cs: 61842fcb42c85bfd3b1fbdee29de2669 -> 
  custom:scripting/monoscript/fileName/ExampleRpcSerializable.cs: 9318e9e416f58c1d2408e785e5523099 -> 
  custom:scripting/monoscript/fileName/MapInfoDrawer.cs: 877c3dfe10d41fcfb1c07cd0544f93ce -> 
  custom:scripting/monoscript/fileName/AlterunaViewDisabler.cs: eeceb2d722404cb0df1f85e623e59b50 -> 
  custom:scripting/monoscript/fileName/PlayerButtonsView.cs: dd8e4f6ac0faf0381258c7b8fc54b122 -> 
  custom:scripting/monoscript/fileName/MatchmakingMenu.cs: 66331c0978b309d0aa92d3e9f690d3c0 -> 
  custom:scripting/monoscript/fileName/PlayerHandler.cs: 8f6c48bff78d1146bdf2637d02ca276f -> 
  custom:scripting/monoscript/fileName/CommandTp.cs: 9f051748461ff63322509c81ed0a98f4 -> 
  custom:scripting/monoscript/fileName/CustomRoomInfo.cs: f18724d40544d4bfd903f99fa9f029d8 -> 
  custom:scripting/monoscript/fileName/StatusPopup.cs: d02f2aaf41ebae1192abcf26b104df48 -> 
  custom:scripting/monoscript/fileName/GameEventsContainer.cs: 46b29c1b37707cfd0b27f02c26830c3d -> 
  custom:scripting/monoscript/fileName/RoomBrowserSortButton.cs: 4e7817bf86329267a4907781c3589ac7 -> 
  custom:scripting/monoscript/fileName/RoomMarker.cs: 614aae13d5f61b8fe245e1bb2bb5310c -> 
  custom:container-muxer-webm: aa71ff27fc2769a1b78a27578f13a17b -> 
  custom:scripting/monoscript/fileName/WinView.cs: 52c7c30285df880447240c8b763b2866 -> 
  custom:scripting/monoscript/fileName/OtherPlayerButtonsView.cs: d95433824acdbeca1736ee452b2b1838 -> 
  custom:scripting/monoscript/fileName/PasswordPopup.cs: 15bd0f1c9278d85bc8450e2488a0c07a -> 
  custom:video-decoder-webm-vp8: 9c59270c3fd7afecdb556c50c9e8de78 -> 
  custom:scripting/monoscript/fileName/BidSelectButton.cs: 7f30efc7c557e3c7b5deef905cf42d82 -> 
  custom:SearchIndexIgnoredProperties: e643bd26f0fe6173181afceb89e7c659 -> 
  custom:AudioImporter_EditorPlatform: d09bf68614088b80899f8185d706f6e7 -> 
  custom:scripting/monoscript/fileName/RoomsListView.cs: 3dfcf07bdc9a73f5171f3f0b8e5cf0d3 -> 
  custom:scripting/monoscript/fileName/PlayerActionsView.cs: 3c0a03ec050bc5f31409f302f12cdd41 -> 
  custom:scripting/monoscript/fileName/GlobalEventsContainer.cs: ae93e1759aa87854320311b52f80d6b7 -> 
  custom:scripting/monoscript/fileName/ActionButton.cs: 71d2e65a99c949992886df8d8b1da776 -> 
  custom:scripting/monoscript/fileName/CreateRoomMenu.cs: cf73dac2e453083dc1bfca39006ee7b2 -> 
  custom:scripting/monoscript/fileName/EndMoveButtonHandler.cs: e7ad92c942734863ca671b64f4de181d -> 
  custom:scripting/monoscript/fileName/MatchmakingEntry.cs: 6715287caa344ee3456b07d577996de1 -> 
  custom:scripting/monoscript/fileName/CardPlaceHandler.cs: b64abb258802cf4edfbc7b5a12ce53d1 -> 
  custom:scripting/monoscript/fileName/RoomCreator.cs: c27c988eb51de60ee227b1debf873447 -> 
  custom:scripting/monoscript/fileName/TableCardsHandler.cs: e498d8fe912e53d1083e1ac477aedd9b -> 
  custom:scripting/monoscript/fileName/BaseRoomBrowserEditor.cs: 1ff4f286c8272ed53477fb34307da543 -> 
  custom:scripting/monoscript/fileName/RoomData.cs: 2691cdb3090cd1d1fc9e88811cf4e6a4 -> 
  custom:scripting/monoscript/fileName/BaseGameButton.cs: bf06f48d64a640915cbc8516a867055e -> 
  custom:scripting/monoscript/fileName/NetworkTableCardData.cs: c73be535d2ab6c2561abaa7b706885fd -> 
  custom:scripting/monoscript/fileName/TableCardView.cs: db5a39adb097756d952e9d87a3dcdf9c -> 
  custom:scripting/precompiled-assembly-types:Alteruna.Trinity: 47c59bb0dd9a9537eab7e788c29e2226 -> 
  custom:video-encoder-webm-vp8: eb34c28f22e8b96e1ab97ce403110664 -> 
  custom:scripting/monoscript/fileName/RoomBrowser.cs: 0dc569d01367f01d2987a75076205ee3 -> 
  custom:scripting/monoscript/fileName/CardView.cs: c8a0ecd6cbf4dacb79002ae047118070 -> 
  custom:audio-decoder-ogg-vorbis: bf7c407c2cedff20999df2af8eb42d56 -> 
  custom:scripting/monoscript/fileName/CommandUid.cs: fb68427bf59668efbec3ee511a571de2 -> 
  custom:scripting/monoscript/fileName/CommandSync.cs: 3608745329e4e2ba889fcd797d35fe5f -> 
  custom:scripting/monoscript/fileName/NetworkPlayerData.cs: 971119da9990a695309e6465d8062387 -> 
  custom:scripting/monoscript/fileName/PlayerViewsConnector.cs: 07301024063f91103db63a4213f631c1 -> 
  custom:scripting/monoscript/fileName/ExampleSynchronizable.cs: f2afc1e4f3db0a5e002f1c32a9fcbfab -> 
  custom:scripting/monoscript/fileName/DeckView.cs: b914c03e0bc351402a5cc1d894441451 -> 
  custom:scripting/monoscript/fileName/WinHandler.cs: d2bee544d2d10a5a6b7110a11535ff7d -> 
  custom:scripting/monoscript/fileName/PlayersContainer.cs: 2bdd74635bf88142bbc8b8bf017def6a -> 
  custom:scripting/monoscript/fileName/ClickableCardHandler.cs: 305753f0a92def1ba5ca51ada3137985 -> 
  custom:scripting/monoscript/fileName/ExampleAttributeRpc.cs: b489c4647cb0a052a15139023f6d7c36 -> 
  custom:audio-encoder-webm-vorbis: bf7c407c2cedff20999df2af8eb42d56 -> 
  custom:scripting/precompiled-assembly-types:Assembly-CSharp-Editor: d9eab57c7710bcf00152a15191d5f5dc -> 
  custom:scripting/monoscript/fileName/LobbyManager.cs: 38b152ac9d9b8a05a1bd96c6f45d693f -> 
  custom:scripting/monoscript/fileName/CommandScale.cs: 1b7e84502815dca2acf0eafb643b3313 -> 
  custom:scripting/monoscript/fileName/MyPlayerView.cs: 456f54b6fb13addeb3a4acab08e24e96 -> 
  custom:scripting/monoscript/fileName/PlayerCardsView.cs: c45b7749011d83721043ef3a376d963f -> 
  custom:scripting/monoscript/fileName/ITextChatCommand.cs: a27761eebea2661884dad56ef5a7d75d -> 
  custom:scripting/monoscript/fileName/TextChatSynchronizable.cs: bad9839a07c2384c313289cd8eb47ebd -> 
  custom:scripting/monoscript/fileName/BaseRoomBrowser.cs: a6f22eb18ee1e50732ac642ecce5191f -> 
  custom:scripting/precompiled-assembly-types:Assembly-CSharp: 98b8dd3533dfe07fe8a5c7716ed42dcd -> 
  custom:scripting/monoscript/fileName/CommandLoadScene.cs: f88875058067fd84195254d01c01bdd9 -> 
  custom:scripting/monoscript/fileName/RoomMenu.cs: 2e10133974671fba816cfb78d5db6d3b -> 
  custom:scripting/monoscript/fileName/CommandMove.cs: df7ef5461e8ac8ce593db2a19d311360 -> 
  custom:scripting/monoscript/fileName/RoomView.cs: f73e0412653f4e7182a5bd23471a76d5 -> 
  custom:scripting/monoscript/fileName/PlayersCountSelectButton.cs: 812c36027a88512e11a80aecb4bbefa1 -> 
========================================================================
Received Prepare
Begin MonoManager ReloadAssembly
Symbol file LoadedFromMemory is not a mono symbol file
- Loaded All Assemblies, in  0.648 seconds
Refreshing native plugins compatible for Editor in 5.30 ms, found 3 plugins.
Native extension for WindowsStandalone target not found
Native extension for iOS target not found
Native extension for Android target not found
Native extension for WebGL target not found
[Package Manager] Server::EnsureServerProcessIsRunning -- launch failed, reason: Unity was launched with the -noUpm command-line argument
[Package Manager] UpmClient::Send -- Unable to send message (not connected to UPM process).
[Package Manager] Cannot connect to Unity Package Manager local server
Mono: successfully reloaded assembly
- Finished resetting the current domain, in  1.393 seconds
Domain Reload Profiling: 2039ms
	BeginReloadAssembly (227ms)
		ExecutionOrderSort (0ms)
		DisableScriptedObjects (11ms)
		BackupInstance (0ms)
		ReleaseScriptingObjects (0ms)
		CreateAndSetChildDomain (47ms)
	RebuildCommonClasses (50ms)
	RebuildNativeTypeToScriptingClass (15ms)
	initialDomainReloadingComplete (38ms)
	LoadAllAssembliesAndSetupDomain (316ms)
		LoadAssemblies (417ms)
		RebuildTransferFunctionScriptingTraits (0ms)
		AnalyzeDomain (27ms)
			TypeCache.Refresh (10ms)
				TypeCache.ScanAssembly (0ms)
			ScanForSourceGeneratedMonoScriptInfo (8ms)
			ResolveRequiredComponents (7ms)
	FinalizeReload (1393ms)
		ReleaseScriptCaches (0ms)
		RebuildScriptCaches (0ms)
		SetupLoadedEditorAssemblies (770ms)
			LogAssemblyErrors (0ms)
			InitializePlatformSupportModulesInManaged (61ms)
			SetLoadedEditorAssemblies (5ms)
			RefreshPlugins (0ms)
			BeforeProcessingInitializeOnLoad (94ms)
			ProcessInitializeOnLoadAttributes (577ms)
			ProcessInitializeOnLoadMethodAttributes (28ms)
			AfterProcessingInitializeOnLoad (6ms)
			EditorAssembliesLoaded (0ms)
		ExecutionOrderSort2 (0ms)
		AwakeInstancesAfterBackupRestoration (10ms)
Refreshing native plugins compatible for Editor in 5.21 ms, found 3 plugins.
Preloading 0 native plugins for Editor in 0.00 ms.
Unloading 3193 Unused Serialized files (Serialized files now loaded: 0)
Unloading 46 unused Assets / (43.0 KB). Loaded Objects now: 3672.
Memory consumption went from 130.5 MB to 130.4 MB.
Total: 4.180600 ms (FindLiveObjects: 0.323500 ms CreateObjectMapping: 0.099700 ms MarkObjects: 3.648600 ms  DeleteObjects: 0.107300 ms)

Prepare: number of updated asset objects reloaded= 0
AssetImportParameters requested are different than current active one (requested -> active):
  custom:scripting/monoscript/fileName/CardsDealer.cs: 8ac51a3c0c387f447e84be3a86f7447b -> 
  custom:scripting/monoscript/fileName/BasePlayerView.cs: 04e9c7de31016324a3fdffe90870c0c0 -> 
  custom:scripting/monoscript/fileName/CardsInventoryHandler.cs: ff98dca147cd0dd0061edbbb857a6884 -> 
  custom:scripting/monoscript/fileName/TakingCardsHandler.cs: 44d2f676533a7f06f16c09604f9f2fdb -> 
  custom:scripting/monoscript/fileName/ExampleRpcProcedureParameters.cs: 8006dab72d3c5ee713ee7bdab83bd367 -> 
  custom:container-demuxer-ogg: 62fdf1f143b41e24485cea50d1cbac27 -> 
  custom:scripting/monoscript/fileName/CardsLayout.cs: eff4b3aaa9f0d71ec19c17587e62cf7c -> 
  custom:scripting/monoscript/fileName/MapDescriptions.cs: dcd4ad2f82c269008ba8ebdac8729125 -> 
  custom:scripting/monoscript/fileName/GameManager.cs: 5010e97345969980589c4a0744278260 -> 
  custom:scripting/monoscript/fileName/TakeButtonHandler.cs: 1f2b9b39b352060df67c10ebd06bb150 -> 
  custom:scripting/monoscript/fileName/MultiplayerHandler.cs: 242b478d78c11a5dc25361b676b967e3 -> 
  custom:scripting/monoscript/fileName/BaseSelectButton.cs: 6ca6a7903476529750299424a1993e44 -> 
  custom:scripting/monoscript/fileName/PlayersAssigner.cs: b6c65abe3896c7a95a0e5f957ebc9809 -> 
  custom:scripting/monoscript/fileName/JWTTaker.cs: adc4884fdd6a02fa722ca57460247339 -> 
  custom:video-decoder-ogg-theora: a1e56fd34408186e4bbccfd4996cb3dc -> 
  custom:scripting/monoscript/fileName/TrashView.cs: 2cfbc4842fc5649235743e01d3730597 -> 
  custom:framework-win-MediaFoundation: 216162199b28c13a410421893ffa2e32 -> 
  custom:scripting/monoscript/fileName/CommandTarget.cs: 1607969702e055d433bdcd8d50744d0d -> 
  custom:scripting/monoscript/fileName/GameTypeSelectButton.cs: 332c677431ce43f5522a96afce8e7fc1 -> 
  custom:scripting/monoscript/fileName/TableCardsView.cs: 963fb9021261217af4d750f5acb97d61 -> 
  custom:scripting/monoscript/fileName/OtherPlayerView.cs: 7d589fb007d3a035647d3f2231f67b16 -> 
  custom:scripting/monoscript/fileName/RoomBrowserRow.cs: 0263fbf2f840a2609629f8a1ac39c37e -> 
  custom:CustomObjectIndexerAttribute: 9a22284fe3817be447336de3de66b15e -> 
  custom:container-demuxer-webm: 4f35f7cbe854078d1ac9338744f61a02 -> 
  custom:scripting/monoscript/fileName/GlobalCardsContainer.cs: 1bc4c2eece27a4da86690f3bd2e47fae -> 
  custom:scripting/monoscript/fileName/CommandRotate.cs: 61842fcb42c85bfd3b1fbdee29de2669 -> 
  custom:scripting/monoscript/fileName/ExampleRpcSerializable.cs: 9318e9e416f58c1d2408e785e5523099 -> 
  custom:scripting/monoscript/fileName/MapInfoDrawer.cs: 877c3dfe10d41fcfb1c07cd0544f93ce -> 
  custom:scripting/monoscript/fileName/AlterunaViewDisabler.cs: eeceb2d722404cb0df1f85e623e59b50 -> 
  custom:scripting/monoscript/fileName/PlayerButtonsView.cs: dd8e4f6ac0faf0381258c7b8fc54b122 -> 
  custom:scripting/monoscript/fileName/MatchmakingMenu.cs: 66331c0978b309d0aa92d3e9f690d3c0 -> 
  custom:scripting/monoscript/fileName/PlayerHandler.cs: 8f6c48bff78d1146bdf2637d02ca276f -> 
  custom:scripting/monoscript/fileName/CommandTp.cs: 9f051748461ff63322509c81ed0a98f4 -> 
  custom:scripting/monoscript/fileName/CustomRoomInfo.cs: f18724d40544d4bfd903f99fa9f029d8 -> 
  custom:scripting/monoscript/fileName/StatusPopup.cs: d02f2aaf41ebae1192abcf26b104df48 -> 
  custom:scripting/monoscript/fileName/RoomBrowserSortButton.cs: 4e7817bf86329267a4907781c3589ac7 -> 
  custom:container-muxer-webm: aa71ff27fc2769a1b78a27578f13a17b -> 
  custom:scripting/monoscript/fileName/OtherPlayerButtonsView.cs: d95433824acdbeca1736ee452b2b1838 -> 
  custom:scripting/monoscript/fileName/PasswordPopup.cs: 15bd0f1c9278d85bc8450e2488a0c07a -> 
  custom:video-decoder-webm-vp8: 9c59270c3fd7afecdb556c50c9e8de78 -> 
  custom:scripting/monoscript/fileName/BidSelectButton.cs: 7f30efc7c557e3c7b5deef905cf42d82 -> 
  custom:SearchIndexIgnoredProperties: e643bd26f0fe6173181afceb89e7c659 -> 
  custom:AudioImporter_EditorPlatform: d09bf68614088b80899f8185d706f6e7 -> 
  custom:scripting/monoscript/fileName/RoomsListView.cs: 3dfcf07bdc9a73f5171f3f0b8e5cf0d3 -> 
  custom:scripting/monoscript/fileName/PlayerActionsView.cs: 3c0a03ec050bc5f31409f302f12cdd41 -> 
  custom:scripting/monoscript/fileName/GlobalEventsContainer.cs: ae93e1759aa87854320311b52f80d6b7 -> 
  custom:scripting/monoscript/fileName/CreateRoomMenu.cs: cf73dac2e453083dc1bfca39006ee7b2 -> 
  custom:scripting/monoscript/fileName/EndMoveButtonHandler.cs: e7ad92c942734863ca671b64f4de181d -> 
  custom:scripting/monoscript/fileName/MatchmakingEntry.cs: 6715287caa344ee3456b07d577996de1 -> 
  custom:scripting/monoscript/fileName/CardPlaceHandler.cs: b64abb258802cf4edfbc7b5a12ce53d1 -> 
  custom:scripting/monoscript/fileName/RoomCreator.cs: c27c988eb51de60ee227b1debf873447 -> 
  custom:scripting/monoscript/fileName/TableCardsHandler.cs: e498d8fe912e53d1083e1ac477aedd9b -> 
  custom:scripting/monoscript/fileName/BaseRoomBrowserEditor.cs: 1ff4f286c8272ed53477fb34307da543 -> 
  custom:scripting/monoscript/fileName/TableCardView.cs: db5a39adb097756d952e9d87a3dcdf9c -> 
  custom:video-encoder-webm-vp8: eb34c28f22e8b96e1ab97ce403110664 -> 
  custom:scripting/monoscript/fileName/RoomBrowser.cs: 0dc569d01367f01d2987a75076205ee3 -> 
  custom:scripting/monoscript/fileName/CardView.cs: c8a0ecd6cbf4dacb79002ae047118070 -> 
  custom:audio-decoder-ogg-vorbis: bf7c407c2cedff20999df2af8eb42d56 -> 
  custom:scripting/monoscript/fileName/CommandUid.cs: fb68427bf59668efbec3ee511a571de2 -> 
  custom:scripting/monoscript/fileName/CommandSync.cs: 3608745329e4e2ba889fcd797d35fe5f -> 
  custom:scripting/monoscript/fileName/PlayerViewsConnector.cs: 07301024063f91103db63a4213f631c1 -> 
  custom:scripting/monoscript/fileName/ExampleSynchronizable.cs: f2afc1e4f3db0a5e002f1c32a9fcbfab -> 
  custom:scripting/monoscript/fileName/DeckView.cs: b914c03e0bc351402a5cc1d894441451 -> 
  custom:scripting/monoscript/fileName/WinHandler.cs: d2bee544d2d10a5a6b7110a11535ff7d -> 
  custom:scripting/monoscript/fileName/PlayersContainer.cs: 2bdd74635bf88142bbc8b8bf017def6a -> 
  custom:scripting/monoscript/fileName/ClickableCardHandler.cs: 305753f0a92def1ba5ca51ada3137985 -> 
  custom:scripting/monoscript/fileName/ExampleAttributeRpc.cs: b489c4647cb0a052a15139023f6d7c36 -> 
  custom:audio-encoder-webm-vorbis: bf7c407c2cedff20999df2af8eb42d56 -> 
  custom:scripting/monoscript/fileName/CommandScale.cs: 1b7e84502815dca2acf0eafb643b3313 -> 
  custom:scripting/monoscript/fileName/MyPlayerView.cs: 456f54b6fb13addeb3a4acab08e24e96 -> 
  custom:scripting/monoscript/fileName/PlayerCardsView.cs: c45b7749011d83721043ef3a376d963f -> 
  custom:scripting/monoscript/fileName/ITextChatCommand.cs: a27761eebea2661884dad56ef5a7d75d -> 
  custom:scripting/monoscript/fileName/TextChatSynchronizable.cs: bad9839a07c2384c313289cd8eb47ebd -> 
  custom:scripting/monoscript/fileName/BaseRoomBrowser.cs: a6f22eb18ee1e50732ac642ecce5191f -> 
  custom:scripting/monoscript/fileName/CommandLoadScene.cs: f88875058067fd84195254d01c01bdd9 -> 
  custom:scripting/monoscript/fileName/RoomMenu.cs: 2e10133974671fba816cfb78d5db6d3b -> 
  custom:scripting/monoscript/fileName/CommandMove.cs: df7ef5461e8ac8ce593db2a19d311360 -> 
  custom:scripting/monoscript/fileName/RoomView.cs: f73e0412653f4e7182a5bd23471a76d5 -> 
  custom:scripting/monoscript/fileName/PlayersCountSelectButton.cs: 812c36027a88512e11a80aecb4bbefa1 -> 
