Using pre-set license
Built from '2022.3/staging' branch; Version is '2022.3.22f1 (887be4894c44) revision 8944612'; Using compiler version '192829333'; Build Type 'Release'
OS: 'Windows 10  (10.0.19045) 64bit Professional' Language: 'ru' Physical Memory: 32699 MB
BatchMode: 1, IsHumanControllingUs: 0, StartBugReporterOnCrash: 0, Is64bit: 1, IsPro: 1

COMMAND LINE ARGUMENTS:
E:\Programs\Unity\Editor\2022.3.22f1\Editor\Unity.exe
-adb2
-batchMode
-noUpm
-name
AssetImportWorker5
-projectPath
E:/Projects/TonDurakTest/Client
-logFile
Logs/AssetImportWorker5.log
-srvPort
51777
Successfully changed project path to: E:/Projects/TonDurakTest/Client
E:/Projects/TonDurakTest/Client
[UnityMemory] Configuration Parameters - Can be set up in boot.config
    "memorysetup-bucket-allocator-granularity=16"
    "memorysetup-bucket-allocator-bucket-count=8"
    "memorysetup-bucket-allocator-block-size=33554432"
    "memorysetup-bucket-allocator-block-count=8"
    "memorysetup-main-allocator-block-size=16777216"
    "memorysetup-thread-allocator-block-size=16777216"
    "memorysetup-gfx-main-allocator-block-size=16777216"
    "memorysetup-gfx-thread-allocator-block-size=16777216"
    "memorysetup-cache-allocator-block-size=4194304"
    "memorysetup-typetree-allocator-block-size=2097152"
    "memorysetup-profiler-bucket-allocator-granularity=16"
    "memorysetup-profiler-bucket-allocator-bucket-count=8"
    "memorysetup-profiler-bucket-allocator-block-size=33554432"
    "memorysetup-profiler-bucket-allocator-block-count=8"
    "memorysetup-profiler-allocator-block-size=16777216"
    "memorysetup-profiler-editor-allocator-block-size=1048576"
    "memorysetup-temp-allocator-size-main=16777216"
    "memorysetup-job-temp-allocator-block-size=2097152"
    "memorysetup-job-temp-allocator-block-size-background=1048576"
    "memorysetup-job-temp-allocator-reduction-small-platforms=262144"
    "memorysetup-allocator-temp-initial-block-size-main=262144"
    "memorysetup-allocator-temp-initial-block-size-worker=262144"
    "memorysetup-temp-allocator-size-background-worker=32768"
    "memorysetup-temp-allocator-size-job-worker=262144"
    "memorysetup-temp-allocator-size-preload-manager=33554432"
    "memorysetup-temp-allocator-size-nav-mesh-worker=65536"
    "memorysetup-temp-allocator-size-audio-worker=65536"
    "memorysetup-temp-allocator-size-cloud-worker=32768"
    "memorysetup-temp-allocator-size-gi-baking-worker=262144"
    "memorysetup-temp-allocator-size-gfx=262144"
Player connection [5288] Host "[IP] 192.168.1.91 [Port] 0 [Flags] 2 [Guid] 3334900638 [EditorId] 3334900638 [Version] 1048832 [Id] WindowsEditor(7,DESKTOP-FJJKP0J) [Debug] 1 [PackageName] WindowsEditor [ProjectName] Editor" joined multi-casting on [225.0.0.222:54997]...

Player connection [5288] Host "[IP] 192.168.1.91 [Port] 0 [Flags] 2 [Guid] 3334900638 [EditorId] 3334900638 [Version] 1048832 [Id] WindowsEditor(7,DESKTOP-FJJKP0J) [Debug] 1 [PackageName] WindowsEditor [ProjectName] Editor" joined alternative multi-casting on [225.0.0.222:34997]...

[Physics::Module] Initialized MultithreadedJobDispatcher with 15 workers.
Refreshing native plugins compatible for Editor in 35.68 ms, found 3 plugins.
Preloading 0 native plugins for Editor in 0.00 ms.
Initialize engine version: 2022.3.22f1 (887be4894c44)
[Subsystems] Discovering subsystems at path E:/Programs/Unity/Editor/2022.3.22f1/Editor/Data/Resources/UnitySubsystems
[Subsystems] Discovering subsystems at path E:/Projects/TonDurakTest/Client/Assets
GfxDevice: creating device client; threaded=0; jobified=0
Direct3D:
    Version:  Direct3D 11.0 [level 11.1]
    Renderer: NVIDIA GeForce RTX 3060 Ti (ID=0x2489)
    Vendor:   NVIDIA
    VRAM:     8024 MB
    Driver:   31.0.15.5161
Initialize mono
Mono path[0] = 'E:/Programs/Unity/Editor/2022.3.22f1/Editor/Data/Managed'
Mono path[1] = 'E:/Programs/Unity/Editor/2022.3.22f1/Editor/Data/MonoBleedingEdge/lib/mono/unityjit-win32'
Mono config path = 'E:/Programs/Unity/Editor/2022.3.22f1/Editor/Data/MonoBleedingEdge/etc'
Using monoOptions --debugger-agent=transport=dt_socket,embedding=1,server=y,suspend=n,address=127.0.0.1:56384
Begin MonoManager ReloadAssembly
Registering precompiled unity dll's ...
Register platform support module: E:/Programs/Unity/Editor/2022.3.22f1/Editor/Data/PlaybackEngines/WebGLSupport/UnityEditor.WebGL.Extensions.dll
Register platform support module: E:/Programs/Unity/Editor/2022.3.22f1/Editor/Data/PlaybackEngines/AndroidPlayer/UnityEditor.Android.Extensions.dll
Register platform support module: E:/Programs/Unity/Editor/2022.3.22f1/Editor/Data/PlaybackEngines/iOSSupport/UnityEditor.iOS.Extensions.dll
Register platform support module: E:/Programs/Unity/Editor/2022.3.22f1/Editor/Data/PlaybackEngines/WindowsStandaloneSupport/UnityEditor.WindowsStandalone.Extensions.dll
Registered in 0.020309 seconds.
- Loaded All Assemblies, in  0.542 seconds
Native extension for WindowsStandalone target not found
[usbmuxd] Start listen thread
[usbmuxd] Listen thread started
Native extension for iOS target not found
Native extension for Android target not found
Android Extension - Scanning For ADB Devices 496 ms
Native extension for WebGL target not found
Mono: successfully reloaded assembly
- Finished resetting the current domain, in  0.984 seconds
Domain Reload Profiling: 1525ms
	BeginReloadAssembly (172ms)
		ExecutionOrderSort (0ms)
		DisableScriptedObjects (0ms)
		BackupInstance (0ms)
		ReleaseScriptingObjects (0ms)
		CreateAndSetChildDomain (1ms)
	RebuildCommonClasses (53ms)
	RebuildNativeTypeToScriptingClass (15ms)
	initialDomainReloadingComplete (88ms)
	LoadAllAssembliesAndSetupDomain (212ms)
		LoadAssemblies (173ms)
		RebuildTransferFunctionScriptingTraits (0ms)
		AnalyzeDomain (207ms)
			TypeCache.Refresh (205ms)
				TypeCache.ScanAssembly (187ms)
			ScanForSourceGeneratedMonoScriptInfo (0ms)
			ResolveRequiredComponents (1ms)
	FinalizeReload (984ms)
		ReleaseScriptCaches (0ms)
		RebuildScriptCaches (0ms)
		SetupLoadedEditorAssemblies (908ms)
			LogAssemblyErrors (0ms)
			InitializePlatformSupportModulesInManaged (661ms)
			SetLoadedEditorAssemblies (5ms)
			RefreshPlugins (0ms)
			BeforeProcessingInitializeOnLoad (3ms)
			ProcessInitializeOnLoadAttributes (168ms)
			ProcessInitializeOnLoadMethodAttributes (71ms)
			AfterProcessingInitializeOnLoad (0ms)
			EditorAssembliesLoaded (0ms)
		ExecutionOrderSort2 (0ms)
		AwakeInstancesAfterBackupRestoration (0ms)
========================================================================
Worker process is ready to serve import requests
Begin MonoManager ReloadAssembly
Symbol file LoadedFromMemory is not a mono symbol file
- Loaded All Assemblies, in  0.995 seconds
Refreshing native plugins compatible for Editor in 5.32 ms, found 3 plugins.
Native extension for WindowsStandalone target not found
Native extension for iOS target not found
Native extension for Android target not found
Native extension for WebGL target not found
Package Manager log level set to [2]
[Package Manager] Server::EnsureServerProcessIsRunning -- launch failed, reason: Unity was launched with the -noUpm command-line argument
[Package Manager] UpmClient::Send -- Unable to send message (not connected to UPM process).
[Package Manager] Cannot connect to Unity Package Manager local server
Mono: successfully reloaded assembly
- Finished resetting the current domain, in  1.041 seconds
Domain Reload Profiling: 2035ms
	BeginReloadAssembly (213ms)
		ExecutionOrderSort (0ms)
		DisableScriptedObjects (8ms)
		BackupInstance (0ms)
		ReleaseScriptingObjects (0ms)
		CreateAndSetChildDomain (30ms)
	RebuildCommonClasses (47ms)
	RebuildNativeTypeToScriptingClass (14ms)
	initialDomainReloadingComplete (65ms)
	LoadAllAssembliesAndSetupDomain (654ms)
		LoadAssemblies (479ms)
		RebuildTransferFunctionScriptingTraits (0ms)
		AnalyzeDomain (301ms)
			TypeCache.Refresh (271ms)
				TypeCache.ScanAssembly (246ms)
			ScanForSourceGeneratedMonoScriptInfo (21ms)
			ResolveRequiredComponents (7ms)
	FinalizeReload (1041ms)
		ReleaseScriptCaches (0ms)
		RebuildScriptCaches (0ms)
		SetupLoadedEditorAssemblies (818ms)
			LogAssemblyErrors (0ms)
			InitializePlatformSupportModulesInManaged (64ms)
			SetLoadedEditorAssemblies (4ms)
			RefreshPlugins (0ms)
			BeforeProcessingInitializeOnLoad (77ms)
			ProcessInitializeOnLoadAttributes (638ms)
			ProcessInitializeOnLoadMethodAttributes (30ms)
			AfterProcessingInitializeOnLoad (6ms)
			EditorAssembliesLoaded (0ms)
		ExecutionOrderSort2 (0ms)
		AwakeInstancesAfterBackupRestoration (11ms)
Launched and connected shader compiler UnityShaderCompiler.exe after 0.07 seconds
Refreshing native plugins compatible for Editor in 4.97 ms, found 3 plugins.
Preloading 0 native plugins for Editor in 0.00 ms.
Unloading 3208 Unused Serialized files (Serialized files now loaded: 0)
Unloading 44 unused Assets / (62.6 KB). Loaded Objects now: 3666.
Memory consumption went from 133.8 MB to 133.8 MB.
Total: 4.465700 ms (FindLiveObjects: 0.331100 ms CreateObjectMapping: 0.103200 ms MarkObjects: 3.871700 ms  DeleteObjects: 0.158600 ms)

AssetImportParameters requested are different than current active one (requested -> active):
  custom:scripting/monoscript/fileName/Deck.cs: df396a88cac14245c45bc1a8e101d8d4 -> 
  custom:scripting/monoscript/fileName/RoomDataSaver.cs: 1caacf0391a7601f1c3aa8658e3aa74e -> 
  custom:container-demuxer-ogg: 62fdf1f143b41e24485cea50d1cbac27 -> 
  custom:scripting/monoscript/fileName/CustomCursore.cs: 42a1d84cacb264842f41e96ce3cdf017 -> 
  custom:scripting/monoscript/fileName/PlayersAssigner.cs: b6c65abe3896c7a95a0e5f957ebc9809 -> 
  custom:video-decoder-ogg-theora: a1e56fd34408186e4bbccfd4996cb3dc -> 
  custom:framework-win-MediaFoundation: 216162199b28c13a410421893ffa2e32 -> 
  custom:scripting/monoscript/fileName/NewBehaviourScript.cs: b21687ddb03d73bd9f0c1daecb9714de -> 
  custom:scripting/monoscript/fileName/NetworkCardData.cs: dda450dba202858bb99f0e5aa0962d24 -> 
  custom:scripting/monoscript/fileName/NetworkConverter.cs: 82cd12050fe90ad1678d42995eb02771 -> 
  custom:scripting/monoscript/fileName/GameSceneLoading.cs: c2d4a02aed9ed8ff086207aadeb9f7ed -> 
  custom:scripting/monoscript/fileName/TableCardsView.cs: 963fb9021261217af4d750f5acb97d61 -> 
  custom:scripting/monoscript/fileName/CardData.cs: 399fa9a6a55a568136b24c04fd07ed5c -> 
  custom:scripting/monoscript/fileName/GameTypeMarker.cs: 1862cc1fde436b59e8c9bfb428aac1c9 -> 
  custom:CustomObjectIndexerAttribute: 9a22284fe3817be447336de3de66b15e -> 
  custom:scripting/monoscript/fileName/PlayerManager.cs: fa278fc629bee650391d87d1007e9d4f -> 
  custom:scripting/monoscript/fileName/TestCardDealer.cs: ef4a513f819a96326bd1eea720fd5438 -> 
  custom:container-demuxer-webm: 4f35f7cbe854078d1ac9338744f61a02 -> 
  custom:scripting/monoscript/fileName/GlobalCardsContainer.cs: 1bc4c2eece27a4da86690f3bd2e47fae -> 
  custom:scripting/monoscript/fileName/PlayerButtonsView.cs: dd8e4f6ac0faf0381258c7b8fc54b122 -> 
  custom:scripting/monoscript/fileName/PlayerHandler.cs: 8f6c48bff78d1146bdf2637d02ca276f -> 
  custom:scripting/monoscript/fileName/GameEventsContainer.cs: 46b29c1b37707cfd0b27f02c26830c3d -> 
  custom:scripting/monoscript/fileName/RoomMarker.cs: 614aae13d5f61b8fe245e1bb2bb5310c -> 
  custom:container-muxer-webm: aa71ff27fc2769a1b78a27578f13a17b -> 
  custom:scripting/monoscript/fileName/WinView.cs: 52c7c30285df880447240c8b763b2866 -> 
  custom:scripting/monoscript/fileName/OtherPlayerButtonsView.cs: d95433824acdbeca1736ee452b2b1838 -> 
  custom:video-decoder-webm-vp8: 9c59270c3fd7afecdb556c50c9e8de78 -> 
  custom:SearchIndexIgnoredProperties: e643bd26f0fe6173181afceb89e7c659 -> 
  custom:AudioImporter_EditorPlatform: d09bf68614088b80899f8185d706f6e7 -> 
  custom:scripting/monoscript/fileName/KOSTYL.cs: a26c68c9f2cf855ec4886778bed02e29 -> 
  custom:scripting/monoscript/fileName/PlayerActionsView.cs: 3c0a03ec050bc5f31409f302f12cdd41 -> 
  custom:scripting/monoscript/fileName/ActionButton.cs: 71d2e65a99c949992886df8d8b1da776 -> 
  custom:scripting/monoscript/fileName/TestLobbyManager.cs: fea6f325f47da781fd52ad9657895785 -> 
  custom:scripting/monoscript/fileName/GameState.cs: e894704e65894b935b318788cb43968e -> 
  custom:scripting/monoscript/fileName/RoomData.cs: 2691cdb3090cd1d1fc9e88811cf4e6a4 -> 
  custom:scripting/monoscript/fileName/BaseGameButton.cs: bf06f48d64a640915cbc8516a867055e -> 
  custom:scripting/monoscript/fileName/NetworkTableCardData.cs: c73be535d2ab6c2561abaa7b706885fd -> 
  custom:scripting/monoscript/fileName/TableDropZone.cs: c34cd0374cc58b4daa0b84ee5b9712da -> 
  custom:video-encoder-webm-vp8: eb34c28f22e8b96e1ab97ce403110664 -> 
  custom:audio-decoder-ogg-vorbis: bf7c407c2cedff20999df2af8eb42d56 -> 
  custom:scripting/monoscript/fileName/NetworkPlayerData.cs: 971119da9990a695309e6465d8062387 -> 
  custom:scripting/monoscript/fileName/PlayerViewsConnector.cs: 07301024063f91103db63a4213f631c1 -> 
  custom:scripting/monoscript/fileName/DeckView.cs: b914c03e0bc351402a5cc1d894441451 -> 
  custom:scripting/monoscript/fileName/PlayersContainer.cs: 2bdd74635bf88142bbc8b8bf017def6a -> 
  custom:scripting/monoscript/fileName/Player.cs: 007e2e63cbf915a2b71612a7f593548a -> 
  custom:audio-encoder-webm-vorbis: bf7c407c2cedff20999df2af8eb42d56 -> 
  custom:scripting/monoscript/fileName/PlayerCardsView.cs: c45b7749011d83721043ef3a376d963f -> 
========================================================================
Received Prepare
Begin MonoManager ReloadAssembly
Symbol file LoadedFromMemory is not a mono symbol file
- Loaded All Assemblies, in  0.727 seconds
Refreshing native plugins compatible for Editor in 5.48 ms, found 3 plugins.
Native extension for WindowsStandalone target not found
Native extension for iOS target not found
Native extension for Android target not found
Native extension for WebGL target not found
[Package Manager] Server::EnsureServerProcessIsRunning -- launch failed, reason: Unity was launched with the -noUpm command-line argument
[Package Manager] UpmClient::Send -- Unable to send message (not connected to UPM process).
[Package Manager] Cannot connect to Unity Package Manager local server
Mono: successfully reloaded assembly
- Finished resetting the current domain, in  1.495 seconds
Domain Reload Profiling: 2220ms
	BeginReloadAssembly (227ms)
		ExecutionOrderSort (0ms)
		DisableScriptedObjects (8ms)
		BackupInstance (0ms)
		ReleaseScriptingObjects (0ms)
		CreateAndSetChildDomain (56ms)
	RebuildCommonClasses (50ms)
	RebuildNativeTypeToScriptingClass (15ms)
	initialDomainReloadingComplete (42ms)
	LoadAllAssembliesAndSetupDomain (391ms)
		LoadAssemblies (498ms)
		RebuildTransferFunctionScriptingTraits (0ms)
		AnalyzeDomain (17ms)
			TypeCache.Refresh (7ms)
				TypeCache.ScanAssembly (0ms)
			ScanForSourceGeneratedMonoScriptInfo (0ms)
			ResolveRequiredComponents (8ms)
	FinalizeReload (1496ms)
		ReleaseScriptCaches (0ms)
		RebuildScriptCaches (0ms)
		SetupLoadedEditorAssemblies (815ms)
			LogAssemblyErrors (0ms)
			InitializePlatformSupportModulesInManaged (69ms)
			SetLoadedEditorAssemblies (5ms)
			RefreshPlugins (0ms)
			BeforeProcessingInitializeOnLoad (82ms)
			ProcessInitializeOnLoadAttributes (621ms)
			ProcessInitializeOnLoadMethodAttributes (30ms)
			AfterProcessingInitializeOnLoad (8ms)
			EditorAssembliesLoaded (0ms)
		ExecutionOrderSort2 (0ms)
		AwakeInstancesAfterBackupRestoration (11ms)
Refreshing native plugins compatible for Editor in 5.42 ms, found 3 plugins.
Preloading 0 native plugins for Editor in 0.00 ms.
Unloading 3187 Unused Serialized files (Serialized files now loaded: 0)
Unloading 35 unused Assets / (36.2 KB). Loaded Objects now: 3669.
Memory consumption went from 130.6 MB to 130.6 MB.
Total: 6.291400 ms (FindLiveObjects: 0.444300 ms CreateObjectMapping: 0.161700 ms MarkObjects: 5.581600 ms  DeleteObjects: 0.102200 ms)

Prepare: number of updated asset objects reloaded= 0
AssetImportParameters requested are different than current active one (requested -> active):
  custom:scripting/monoscript/fileName/Deck.cs: df396a88cac14245c45bc1a8e101d8d4 -> 
  custom:scripting/monoscript/fileName/RoomDataSaver.cs: 1caacf0391a7601f1c3aa8658e3aa74e -> 
  custom:container-demuxer-ogg: 62fdf1f143b41e24485cea50d1cbac27 -> 
  custom:scripting/monoscript/fileName/CustomCursore.cs: 42a1d84cacb264842f41e96ce3cdf017 -> 
  custom:scripting/monoscript/fileName/PlayersAssigner.cs: b6c65abe3896c7a95a0e5f957ebc9809 -> 
  custom:video-decoder-ogg-theora: a1e56fd34408186e4bbccfd4996cb3dc -> 
  custom:framework-win-MediaFoundation: 216162199b28c13a410421893ffa2e32 -> 
  custom:scripting/monoscript/fileName/NewBehaviourScript.cs: b21687ddb03d73bd9f0c1daecb9714de -> 
  custom:scripting/monoscript/fileName/NetworkCardData.cs: dda450dba202858bb99f0e5aa0962d24 -> 
  custom:scripting/monoscript/fileName/NetworkConverter.cs: 82cd12050fe90ad1678d42995eb02771 -> 
  custom:scripting/monoscript/fileName/GameSceneLoading.cs: c2d4a02aed9ed8ff086207aadeb9f7ed -> 
  custom:scripting/monoscript/fileName/TableCardsView.cs: 963fb9021261217af4d750f5acb97d61 -> 
  custom:scripting/monoscript/fileName/CardData.cs: 399fa9a6a55a568136b24c04fd07ed5c -> 
  custom:scripting/monoscript/fileName/GameTypeMarker.cs: 1862cc1fde436b59e8c9bfb428aac1c9 -> 
  custom:CustomObjectIndexerAttribute: 9a22284fe3817be447336de3de66b15e -> 
  custom:scripting/monoscript/fileName/PlayerManager.cs: fa278fc629bee650391d87d1007e9d4f -> 
  custom:scripting/monoscript/fileName/TestCardDealer.cs: ef4a513f819a96326bd1eea720fd5438 -> 
  custom:container-demuxer-webm: 4f35f7cbe854078d1ac9338744f61a02 -> 
  custom:scripting/monoscript/fileName/GlobalCardsContainer.cs: 1bc4c2eece27a4da86690f3bd2e47fae -> 
  custom:scripting/monoscript/fileName/PlayerButtonsView.cs: dd8e4f6ac0faf0381258c7b8fc54b122 -> 
  custom:scripting/monoscript/fileName/PlayerHandler.cs: 8f6c48bff78d1146bdf2637d02ca276f -> 
  custom:scripting/monoscript/fileName/GameEventsContainer.cs: 46b29c1b37707cfd0b27f02c26830c3d -> 
  custom:scripting/monoscript/fileName/RoomMarker.cs: 614aae13d5f61b8fe245e1bb2bb5310c -> 
  custom:container-muxer-webm: aa71ff27fc2769a1b78a27578f13a17b -> 
  custom:scripting/monoscript/fileName/WinView.cs: 52c7c30285df880447240c8b763b2866 -> 
  custom:scripting/monoscript/fileName/OtherPlayerButtonsView.cs: d95433824acdbeca1736ee452b2b1838 -> 
  custom:video-decoder-webm-vp8: 9c59270c3fd7afecdb556c50c9e8de78 -> 
  custom:SearchIndexIgnoredProperties: e643bd26f0fe6173181afceb89e7c659 -> 
  custom:AudioImporter_EditorPlatform: d09bf68614088b80899f8185d706f6e7 -> 
  custom:scripting/monoscript/fileName/KOSTYL.cs: a26c68c9f2cf855ec4886778bed02e29 -> 
  custom:scripting/monoscript/fileName/PlayerActionsView.cs: 3c0a03ec050bc5f31409f302f12cdd41 -> 
  custom:scripting/monoscript/fileName/ActionButton.cs: 71d2e65a99c949992886df8d8b1da776 -> 
  custom:scripting/monoscript/fileName/TestLobbyManager.cs: fea6f325f47da781fd52ad9657895785 -> 
  custom:scripting/monoscript/fileName/GameState.cs: e894704e65894b935b318788cb43968e -> 
  custom:scripting/monoscript/fileName/RoomData.cs: 2691cdb3090cd1d1fc9e88811cf4e6a4 -> 
  custom:scripting/monoscript/fileName/BaseGameButton.cs: bf06f48d64a640915cbc8516a867055e -> 
  custom:scripting/monoscript/fileName/NetworkTableCardData.cs: c73be535d2ab6c2561abaa7b706885fd -> 
  custom:scripting/monoscript/fileName/TableDropZone.cs: c34cd0374cc58b4daa0b84ee5b9712da -> 
  custom:video-encoder-webm-vp8: eb34c28f22e8b96e1ab97ce403110664 -> 
  custom:audio-decoder-ogg-vorbis: bf7c407c2cedff20999df2af8eb42d56 -> 
  custom:scripting/monoscript/fileName/NetworkPlayerData.cs: 971119da9990a695309e6465d8062387 -> 
  custom:scripting/monoscript/fileName/PlayerViewsConnector.cs: 07301024063f91103db63a4213f631c1 -> 
  custom:scripting/monoscript/fileName/DeckView.cs: b914c03e0bc351402a5cc1d894441451 -> 
  custom:scripting/monoscript/fileName/PlayersContainer.cs: 2bdd74635bf88142bbc8b8bf017def6a -> 
  custom:scripting/monoscript/fileName/Player.cs: 007e2e63cbf915a2b71612a7f593548a -> 
  custom:audio-encoder-webm-vorbis: bf7c407c2cedff20999df2af8eb42d56 -> 
  custom:scripting/monoscript/fileName/PlayerCardsView.cs: c45b7749011d83721043ef3a376d963f -> 
========================================================================
Received Prepare
Begin MonoManager ReloadAssembly
Symbol file LoadedFromMemory is not a mono symbol file
- Loaded All Assemblies, in  0.678 seconds
Refreshing native plugins compatible for Editor in 5.78 ms, found 3 plugins.
Native extension for WindowsStandalone target not found
Native extension for iOS target not found
Native extension for Android target not found
Native extension for WebGL target not found
[Package Manager] Server::EnsureServerProcessIsRunning -- launch failed, reason: Unity was launched with the -noUpm command-line argument
[Package Manager] UpmClient::Send -- Unable to send message (not connected to UPM process).
[Package Manager] Cannot connect to Unity Package Manager local server
Mono: successfully reloaded assembly
- Finished resetting the current domain, in  1.404 seconds
Domain Reload Profiling: 2080ms
	BeginReloadAssembly (221ms)
		ExecutionOrderSort (0ms)
		DisableScriptedObjects (8ms)
		BackupInstance (0ms)
		ReleaseScriptingObjects (0ms)
		CreateAndSetChildDomain (48ms)
	RebuildCommonClasses (48ms)
	RebuildNativeTypeToScriptingClass (16ms)
	initialDomainReloadingComplete (44ms)
	LoadAllAssembliesAndSetupDomain (346ms)
		LoadAssemblies (456ms)
		RebuildTransferFunctionScriptingTraits (0ms)
		AnalyzeDomain (17ms)
			TypeCache.Refresh (7ms)
				TypeCache.ScanAssembly (0ms)
			ScanForSourceGeneratedMonoScriptInfo (0ms)
			ResolveRequiredComponents (8ms)
	FinalizeReload (1405ms)
		ReleaseScriptCaches (0ms)
		RebuildScriptCaches (0ms)
		SetupLoadedEditorAssemblies (775ms)
			LogAssemblyErrors (0ms)
			InitializePlatformSupportModulesInManaged (68ms)
			SetLoadedEditorAssemblies (7ms)
			RefreshPlugins (0ms)
			BeforeProcessingInitializeOnLoad (87ms)
			ProcessInitializeOnLoadAttributes (578ms)
			ProcessInitializeOnLoadMethodAttributes (29ms)
			AfterProcessingInitializeOnLoad (6ms)
			EditorAssembliesLoaded (0ms)
		ExecutionOrderSort2 (0ms)
		AwakeInstancesAfterBackupRestoration (10ms)
Refreshing native plugins compatible for Editor in 6.09 ms, found 3 plugins.
Preloading 0 native plugins for Editor in 0.00 ms.
Unloading 3187 Unused Serialized files (Serialized files now loaded: 0)
Unloading 35 unused Assets / (36.2 KB). Loaded Objects now: 3672.
Memory consumption went from 132.6 MB to 132.5 MB.
Total: 4.864400 ms (FindLiveObjects: 0.547700 ms CreateObjectMapping: 0.116500 ms MarkObjects: 4.119500 ms  DeleteObjects: 0.079300 ms)

Prepare: number of updated asset objects reloaded= 0
AssetImportParameters requested are different than current active one (requested -> active):
  custom:scripting/monoscript/fileName/Deck.cs: df396a88cac14245c45bc1a8e101d8d4 -> 
  custom:scripting/monoscript/fileName/RoomDataSaver.cs: 1caacf0391a7601f1c3aa8658e3aa74e -> 
  custom:container-demuxer-ogg: 62fdf1f143b41e24485cea50d1cbac27 -> 
  custom:scripting/monoscript/fileName/CustomCursore.cs: 42a1d84cacb264842f41e96ce3cdf017 -> 
  custom:scripting/monoscript/fileName/PlayersAssigner.cs: b6c65abe3896c7a95a0e5f957ebc9809 -> 
  custom:video-decoder-ogg-theora: a1e56fd34408186e4bbccfd4996cb3dc -> 
  custom:framework-win-MediaFoundation: 216162199b28c13a410421893ffa2e32 -> 
  custom:scripting/monoscript/fileName/NewBehaviourScript.cs: b21687ddb03d73bd9f0c1daecb9714de -> 
  custom:scripting/monoscript/fileName/NetworkCardData.cs: dda450dba202858bb99f0e5aa0962d24 -> 
  custom:scripting/monoscript/fileName/NetworkConverter.cs: 82cd12050fe90ad1678d42995eb02771 -> 
  custom:scripting/monoscript/fileName/GameSceneLoading.cs: c2d4a02aed9ed8ff086207aadeb9f7ed -> 
  custom:scripting/monoscript/fileName/TableCardsView.cs: 963fb9021261217af4d750f5acb97d61 -> 
  custom:scripting/monoscript/fileName/CardData.cs: 399fa9a6a55a568136b24c04fd07ed5c -> 
  custom:scripting/monoscript/fileName/GameTypeMarker.cs: 1862cc1fde436b59e8c9bfb428aac1c9 -> 
  custom:CustomObjectIndexerAttribute: 9a22284fe3817be447336de3de66b15e -> 
  custom:scripting/monoscript/fileName/PlayerManager.cs: fa278fc629bee650391d87d1007e9d4f -> 
  custom:scripting/monoscript/fileName/TestCardDealer.cs: ef4a513f819a96326bd1eea720fd5438 -> 
  custom:container-demuxer-webm: 4f35f7cbe854078d1ac9338744f61a02 -> 
  custom:scripting/monoscript/fileName/GlobalCardsContainer.cs: 1bc4c2eece27a4da86690f3bd2e47fae -> 
  custom:scripting/monoscript/fileName/PlayerButtonsView.cs: dd8e4f6ac0faf0381258c7b8fc54b122 -> 
  custom:scripting/monoscript/fileName/PlayerHandler.cs: 8f6c48bff78d1146bdf2637d02ca276f -> 
  custom:scripting/monoscript/fileName/GameEventsContainer.cs: 46b29c1b37707cfd0b27f02c26830c3d -> 
  custom:scripting/monoscript/fileName/RoomMarker.cs: 614aae13d5f61b8fe245e1bb2bb5310c -> 
  custom:container-muxer-webm: aa71ff27fc2769a1b78a27578f13a17b -> 
  custom:scripting/monoscript/fileName/WinView.cs: 52c7c30285df880447240c8b763b2866 -> 
  custom:scripting/monoscript/fileName/OtherPlayerButtonsView.cs: d95433824acdbeca1736ee452b2b1838 -> 
  custom:video-decoder-webm-vp8: 9c59270c3fd7afecdb556c50c9e8de78 -> 
  custom:SearchIndexIgnoredProperties: e643bd26f0fe6173181afceb89e7c659 -> 
  custom:AudioImporter_EditorPlatform: d09bf68614088b80899f8185d706f6e7 -> 
  custom:scripting/monoscript/fileName/KOSTYL.cs: a26c68c9f2cf855ec4886778bed02e29 -> 
  custom:scripting/monoscript/fileName/PlayerActionsView.cs: 3c0a03ec050bc5f31409f302f12cdd41 -> 
  custom:scripting/monoscript/fileName/ActionButton.cs: 71d2e65a99c949992886df8d8b1da776 -> 
  custom:scripting/monoscript/fileName/TestLobbyManager.cs: fea6f325f47da781fd52ad9657895785 -> 
  custom:scripting/monoscript/fileName/GameState.cs: e894704e65894b935b318788cb43968e -> 
  custom:scripting/monoscript/fileName/RoomData.cs: 2691cdb3090cd1d1fc9e88811cf4e6a4 -> 
  custom:scripting/monoscript/fileName/BaseGameButton.cs: bf06f48d64a640915cbc8516a867055e -> 
  custom:scripting/monoscript/fileName/NetworkTableCardData.cs: c73be535d2ab6c2561abaa7b706885fd -> 
  custom:scripting/monoscript/fileName/TableDropZone.cs: c34cd0374cc58b4daa0b84ee5b9712da -> 
  custom:video-encoder-webm-vp8: eb34c28f22e8b96e1ab97ce403110664 -> 
  custom:audio-decoder-ogg-vorbis: bf7c407c2cedff20999df2af8eb42d56 -> 
  custom:scripting/monoscript/fileName/NetworkPlayerData.cs: 971119da9990a695309e6465d8062387 -> 
  custom:scripting/monoscript/fileName/PlayerViewsConnector.cs: 07301024063f91103db63a4213f631c1 -> 
  custom:scripting/monoscript/fileName/DeckView.cs: b914c03e0bc351402a5cc1d894441451 -> 
  custom:scripting/monoscript/fileName/PlayersContainer.cs: 2bdd74635bf88142bbc8b8bf017def6a -> 
  custom:scripting/monoscript/fileName/Player.cs: 007e2e63cbf915a2b71612a7f593548a -> 
  custom:audio-encoder-webm-vorbis: bf7c407c2cedff20999df2af8eb42d56 -> 
  custom:scripting/monoscript/fileName/PlayerCardsView.cs: c45b7749011d83721043ef3a376d963f -> 
========================================================================
Received Prepare
Begin MonoManager ReloadAssembly
Symbol file LoadedFromMemory is not a mono symbol file
- Loaded All Assemblies, in  0.686 seconds
Refreshing native plugins compatible for Editor in 5.77 ms, found 3 plugins.
Native extension for WindowsStandalone target not found
Native extension for iOS target not found
Native extension for Android target not found
Native extension for WebGL target not found
[Package Manager] Server::EnsureServerProcessIsRunning -- launch failed, reason: Unity was launched with the -noUpm command-line argument
[Package Manager] UpmClient::Send -- Unable to send message (not connected to UPM process).
[Package Manager] Cannot connect to Unity Package Manager local server
Mono: successfully reloaded assembly
- Finished resetting the current domain, in  1.374 seconds
Domain Reload Profiling: 2059ms
	BeginReloadAssembly (229ms)
		ExecutionOrderSort (0ms)
		DisableScriptedObjects (10ms)
		BackupInstance (0ms)
		ReleaseScriptingObjects (0ms)
		CreateAndSetChildDomain (50ms)
	RebuildCommonClasses (48ms)
	RebuildNativeTypeToScriptingClass (15ms)
	initialDomainReloadingComplete (41ms)
	LoadAllAssembliesAndSetupDomain (351ms)
		LoadAssemblies (465ms)
		RebuildTransferFunctionScriptingTraits (0ms)
		AnalyzeDomain (19ms)
			TypeCache.Refresh (7ms)
				TypeCache.ScanAssembly (0ms)
			ScanForSourceGeneratedMonoScriptInfo (0ms)
			ResolveRequiredComponents (10ms)
	FinalizeReload (1375ms)
		ReleaseScriptCaches (0ms)
		RebuildScriptCaches (0ms)
		SetupLoadedEditorAssemblies (753ms)
			LogAssemblyErrors (0ms)
			InitializePlatformSupportModulesInManaged (64ms)
			SetLoadedEditorAssemblies (5ms)
			RefreshPlugins (0ms)
			BeforeProcessingInitializeOnLoad (84ms)
			ProcessInitializeOnLoadAttributes (566ms)
			ProcessInitializeOnLoadMethodAttributes (28ms)
			AfterProcessingInitializeOnLoad (6ms)
			EditorAssembliesLoaded (0ms)
		ExecutionOrderSort2 (0ms)
		AwakeInstancesAfterBackupRestoration (10ms)
Refreshing native plugins compatible for Editor in 5.44 ms, found 3 plugins.
Preloading 0 native plugins for Editor in 0.00 ms.
Unloading 3187 Unused Serialized files (Serialized files now loaded: 0)
Unloading 35 unused Assets / (36.3 KB). Loaded Objects now: 3675.
Memory consumption went from 134.5 MB to 134.5 MB.
Total: 4.795200 ms (FindLiveObjects: 0.388300 ms CreateObjectMapping: 0.135300 ms MarkObjects: 4.184400 ms  DeleteObjects: 0.085800 ms)

Prepare: number of updated asset objects reloaded= 0
AssetImportParameters requested are different than current active one (requested -> active):
  custom:scripting/monoscript/fileName/Deck.cs: df396a88cac14245c45bc1a8e101d8d4 -> 
  custom:scripting/monoscript/fileName/RoomDataSaver.cs: 1caacf0391a7601f1c3aa8658e3aa74e -> 
  custom:container-demuxer-ogg: 62fdf1f143b41e24485cea50d1cbac27 -> 
  custom:scripting/monoscript/fileName/CustomCursore.cs: 42a1d84cacb264842f41e96ce3cdf017 -> 
  custom:scripting/monoscript/fileName/PlayersAssigner.cs: b6c65abe3896c7a95a0e5f957ebc9809 -> 
  custom:video-decoder-ogg-theora: a1e56fd34408186e4bbccfd4996cb3dc -> 
  custom:framework-win-MediaFoundation: 216162199b28c13a410421893ffa2e32 -> 
  custom:scripting/monoscript/fileName/NewBehaviourScript.cs: b21687ddb03d73bd9f0c1daecb9714de -> 
  custom:scripting/monoscript/fileName/NetworkCardData.cs: dda450dba202858bb99f0e5aa0962d24 -> 
  custom:scripting/monoscript/fileName/NetworkConverter.cs: 82cd12050fe90ad1678d42995eb02771 -> 
  custom:scripting/monoscript/fileName/GameSceneLoading.cs: c2d4a02aed9ed8ff086207aadeb9f7ed -> 
  custom:scripting/monoscript/fileName/TableCardsView.cs: 963fb9021261217af4d750f5acb97d61 -> 
  custom:scripting/monoscript/fileName/CardData.cs: 399fa9a6a55a568136b24c04fd07ed5c -> 
  custom:scripting/monoscript/fileName/GameTypeMarker.cs: 1862cc1fde436b59e8c9bfb428aac1c9 -> 
  custom:CustomObjectIndexerAttribute: 9a22284fe3817be447336de3de66b15e -> 
  custom:scripting/monoscript/fileName/PlayerManager.cs: fa278fc629bee650391d87d1007e9d4f -> 
  custom:scripting/monoscript/fileName/TestCardDealer.cs: ef4a513f819a96326bd1eea720fd5438 -> 
  custom:container-demuxer-webm: 4f35f7cbe854078d1ac9338744f61a02 -> 
  custom:scripting/monoscript/fileName/GlobalCardsContainer.cs: 1bc4c2eece27a4da86690f3bd2e47fae -> 
  custom:scripting/monoscript/fileName/PlayerButtonsView.cs: dd8e4f6ac0faf0381258c7b8fc54b122 -> 
  custom:scripting/monoscript/fileName/PlayerHandler.cs: 8f6c48bff78d1146bdf2637d02ca276f -> 
  custom:scripting/monoscript/fileName/GameEventsContainer.cs: 46b29c1b37707cfd0b27f02c26830c3d -> 
  custom:scripting/monoscript/fileName/RoomMarker.cs: 614aae13d5f61b8fe245e1bb2bb5310c -> 
  custom:container-muxer-webm: aa71ff27fc2769a1b78a27578f13a17b -> 
  custom:scripting/monoscript/fileName/WinView.cs: 52c7c30285df880447240c8b763b2866 -> 
  custom:scripting/monoscript/fileName/OtherPlayerButtonsView.cs: d95433824acdbeca1736ee452b2b1838 -> 
  custom:video-decoder-webm-vp8: 9c59270c3fd7afecdb556c50c9e8de78 -> 
  custom:SearchIndexIgnoredProperties: e643bd26f0fe6173181afceb89e7c659 -> 
  custom:AudioImporter_EditorPlatform: d09bf68614088b80899f8185d706f6e7 -> 
  custom:scripting/monoscript/fileName/KOSTYL.cs: a26c68c9f2cf855ec4886778bed02e29 -> 
  custom:scripting/monoscript/fileName/PlayerActionsView.cs: 3c0a03ec050bc5f31409f302f12cdd41 -> 
  custom:scripting/monoscript/fileName/ActionButton.cs: 71d2e65a99c949992886df8d8b1da776 -> 
  custom:scripting/monoscript/fileName/TestLobbyManager.cs: fea6f325f47da781fd52ad9657895785 -> 
  custom:scripting/monoscript/fileName/GameState.cs: e894704e65894b935b318788cb43968e -> 
  custom:scripting/monoscript/fileName/RoomData.cs: 2691cdb3090cd1d1fc9e88811cf4e6a4 -> 
  custom:scripting/monoscript/fileName/BaseGameButton.cs: bf06f48d64a640915cbc8516a867055e -> 
  custom:scripting/monoscript/fileName/NetworkTableCardData.cs: c73be535d2ab6c2561abaa7b706885fd -> 
  custom:scripting/monoscript/fileName/TableDropZone.cs: c34cd0374cc58b4daa0b84ee5b9712da -> 
  custom:video-encoder-webm-vp8: eb34c28f22e8b96e1ab97ce403110664 -> 
  custom:audio-decoder-ogg-vorbis: bf7c407c2cedff20999df2af8eb42d56 -> 
  custom:scripting/monoscript/fileName/NetworkPlayerData.cs: 971119da9990a695309e6465d8062387 -> 
  custom:scripting/monoscript/fileName/PlayerViewsConnector.cs: 07301024063f91103db63a4213f631c1 -> 
  custom:scripting/monoscript/fileName/DeckView.cs: b914c03e0bc351402a5cc1d894441451 -> 
  custom:scripting/monoscript/fileName/PlayersContainer.cs: 2bdd74635bf88142bbc8b8bf017def6a -> 
  custom:scripting/monoscript/fileName/Player.cs: 007e2e63cbf915a2b71612a7f593548a -> 
  custom:audio-encoder-webm-vorbis: bf7c407c2cedff20999df2af8eb42d56 -> 
  custom:scripting/monoscript/fileName/PlayerCardsView.cs: c45b7749011d83721043ef3a376d963f -> 
========================================================================
Received Prepare
Begin MonoManager ReloadAssembly
Symbol file LoadedFromMemory is not a mono symbol file
- Loaded All Assemblies, in  0.704 seconds
Refreshing native plugins compatible for Editor in 6.50 ms, found 3 plugins.
Native extension for WindowsStandalone target not found
Native extension for iOS target not found
Native extension for Android target not found
Native extension for WebGL target not found
[Package Manager] Server::EnsureServerProcessIsRunning -- launch failed, reason: Unity was launched with the -noUpm command-line argument
[Package Manager] UpmClient::Send -- Unable to send message (not connected to UPM process).
[Package Manager] Cannot connect to Unity Package Manager local server
Mono: successfully reloaded assembly
- Finished resetting the current domain, in  1.456 seconds
Domain Reload Profiling: 2158ms
	BeginReloadAssembly (222ms)
		ExecutionOrderSort (0ms)
		DisableScriptedObjects (9ms)
		BackupInstance (0ms)
		ReleaseScriptingObjects (0ms)
		CreateAndSetChildDomain (50ms)
	RebuildCommonClasses (63ms)
	RebuildNativeTypeToScriptingClass (21ms)
	initialDomainReloadingComplete (42ms)
	LoadAllAssembliesAndSetupDomain (354ms)
		LoadAssemblies (464ms)
		RebuildTransferFunctionScriptingTraits (0ms)
		AnalyzeDomain (17ms)
			TypeCache.Refresh (7ms)
				TypeCache.ScanAssembly (0ms)
			ScanForSourceGeneratedMonoScriptInfo (0ms)
			ResolveRequiredComponents (8ms)
	FinalizeReload (1456ms)
		ReleaseScriptCaches (0ms)
		RebuildScriptCaches (0ms)
		SetupLoadedEditorAssemblies (800ms)
			LogAssemblyErrors (0ms)
			InitializePlatformSupportModulesInManaged (63ms)
			SetLoadedEditorAssemblies (5ms)
			RefreshPlugins (0ms)
			BeforeProcessingInitializeOnLoad (86ms)
			ProcessInitializeOnLoadAttributes (600ms)
			ProcessInitializeOnLoadMethodAttributes (39ms)
			AfterProcessingInitializeOnLoad (6ms)
			EditorAssembliesLoaded (0ms)
		ExecutionOrderSort2 (0ms)
		AwakeInstancesAfterBackupRestoration (11ms)
Refreshing native plugins compatible for Editor in 5.87 ms, found 3 plugins.
Preloading 0 native plugins for Editor in 0.00 ms.
Unloading 3187 Unused Serialized files (Serialized files now loaded: 0)
Unloading 35 unused Assets / (37.3 KB). Loaded Objects now: 3678.
Memory consumption went from 136.4 MB to 136.4 MB.
Total: 5.047500 ms (FindLiveObjects: 0.375700 ms CreateObjectMapping: 0.136700 ms MarkObjects: 4.435200 ms  DeleteObjects: 0.098100 ms)

Prepare: number of updated asset objects reloaded= 0
AssetImportParameters requested are different than current active one (requested -> active):
  custom:scripting/monoscript/fileName/Deck.cs: df396a88cac14245c45bc1a8e101d8d4 -> 
  custom:scripting/monoscript/fileName/RoomDataSaver.cs: 1caacf0391a7601f1c3aa8658e3aa74e -> 
  custom:container-demuxer-ogg: 62fdf1f143b41e24485cea50d1cbac27 -> 
  custom:scripting/monoscript/fileName/CustomCursore.cs: 42a1d84cacb264842f41e96ce3cdf017 -> 
  custom:scripting/monoscript/fileName/PlayersAssigner.cs: b6c65abe3896c7a95a0e5f957ebc9809 -> 
  custom:video-decoder-ogg-theora: a1e56fd34408186e4bbccfd4996cb3dc -> 
  custom:framework-win-MediaFoundation: 216162199b28c13a410421893ffa2e32 -> 
  custom:scripting/monoscript/fileName/NewBehaviourScript.cs: b21687ddb03d73bd9f0c1daecb9714de -> 
  custom:scripting/monoscript/fileName/NetworkCardData.cs: dda450dba202858bb99f0e5aa0962d24 -> 
  custom:scripting/monoscript/fileName/NetworkConverter.cs: 82cd12050fe90ad1678d42995eb02771 -> 
  custom:scripting/monoscript/fileName/GameSceneLoading.cs: c2d4a02aed9ed8ff086207aadeb9f7ed -> 
  custom:scripting/monoscript/fileName/TableCardsView.cs: 963fb9021261217af4d750f5acb97d61 -> 
  custom:scripting/monoscript/fileName/CardData.cs: 399fa9a6a55a568136b24c04fd07ed5c -> 
  custom:scripting/monoscript/fileName/GameTypeMarker.cs: 1862cc1fde436b59e8c9bfb428aac1c9 -> 
  custom:CustomObjectIndexerAttribute: 9a22284fe3817be447336de3de66b15e -> 
  custom:scripting/monoscript/fileName/PlayerManager.cs: fa278fc629bee650391d87d1007e9d4f -> 
  custom:scripting/monoscript/fileName/TestCardDealer.cs: ef4a513f819a96326bd1eea720fd5438 -> 
  custom:container-demuxer-webm: 4f35f7cbe854078d1ac9338744f61a02 -> 
  custom:scripting/monoscript/fileName/GlobalCardsContainer.cs: 1bc4c2eece27a4da86690f3bd2e47fae -> 
  custom:scripting/monoscript/fileName/PlayerButtonsView.cs: dd8e4f6ac0faf0381258c7b8fc54b122 -> 
  custom:scripting/monoscript/fileName/PlayerHandler.cs: 8f6c48bff78d1146bdf2637d02ca276f -> 
  custom:scripting/monoscript/fileName/GameEventsContainer.cs: 46b29c1b37707cfd0b27f02c26830c3d -> 
  custom:scripting/monoscript/fileName/RoomMarker.cs: 614aae13d5f61b8fe245e1bb2bb5310c -> 
  custom:container-muxer-webm: aa71ff27fc2769a1b78a27578f13a17b -> 
  custom:scripting/monoscript/fileName/WinView.cs: 52c7c30285df880447240c8b763b2866 -> 
  custom:scripting/monoscript/fileName/OtherPlayerButtonsView.cs: d95433824acdbeca1736ee452b2b1838 -> 
  custom:video-decoder-webm-vp8: 9c59270c3fd7afecdb556c50c9e8de78 -> 
  custom:SearchIndexIgnoredProperties: e643bd26f0fe6173181afceb89e7c659 -> 
  custom:AudioImporter_EditorPlatform: d09bf68614088b80899f8185d706f6e7 -> 
  custom:scripting/monoscript/fileName/KOSTYL.cs: a26c68c9f2cf855ec4886778bed02e29 -> 
  custom:scripting/monoscript/fileName/PlayerActionsView.cs: 3c0a03ec050bc5f31409f302f12cdd41 -> 
  custom:scripting/monoscript/fileName/ActionButton.cs: 71d2e65a99c949992886df8d8b1da776 -> 
  custom:scripting/monoscript/fileName/TestLobbyManager.cs: fea6f325f47da781fd52ad9657895785 -> 
  custom:scripting/monoscript/fileName/GameState.cs: e894704e65894b935b318788cb43968e -> 
  custom:scripting/monoscript/fileName/RoomData.cs: 2691cdb3090cd1d1fc9e88811cf4e6a4 -> 
  custom:scripting/monoscript/fileName/BaseGameButton.cs: bf06f48d64a640915cbc8516a867055e -> 
  custom:scripting/monoscript/fileName/NetworkTableCardData.cs: c73be535d2ab6c2561abaa7b706885fd -> 
  custom:scripting/monoscript/fileName/TableDropZone.cs: c34cd0374cc58b4daa0b84ee5b9712da -> 
  custom:video-encoder-webm-vp8: eb34c28f22e8b96e1ab97ce403110664 -> 
  custom:audio-decoder-ogg-vorbis: bf7c407c2cedff20999df2af8eb42d56 -> 
  custom:scripting/monoscript/fileName/NetworkPlayerData.cs: 971119da9990a695309e6465d8062387 -> 
  custom:scripting/monoscript/fileName/PlayerViewsConnector.cs: 07301024063f91103db63a4213f631c1 -> 
  custom:scripting/monoscript/fileName/DeckView.cs: b914c03e0bc351402a5cc1d894441451 -> 
  custom:scripting/monoscript/fileName/PlayersContainer.cs: 2bdd74635bf88142bbc8b8bf017def6a -> 
  custom:scripting/monoscript/fileName/Player.cs: 007e2e63cbf915a2b71612a7f593548a -> 
  custom:audio-encoder-webm-vorbis: bf7c407c2cedff20999df2af8eb42d56 -> 
  custom:scripting/monoscript/fileName/PlayerCardsView.cs: c45b7749011d83721043ef3a376d963f -> 
========================================================================
Received Prepare
Begin MonoManager ReloadAssembly
Symbol file LoadedFromMemory is not a mono symbol file
- Loaded All Assemblies, in  0.717 seconds
Refreshing native plugins compatible for Editor in 5.53 ms, found 3 plugins.
Native extension for WindowsStandalone target not found
Native extension for iOS target not found
Native extension for Android target not found
Native extension for WebGL target not found
[Package Manager] Server::EnsureServerProcessIsRunning -- launch failed, reason: Unity was launched with the -noUpm command-line argument
[Package Manager] UpmClient::Send -- Unable to send message (not connected to UPM process).
[Package Manager] Cannot connect to Unity Package Manager local server
Mono: successfully reloaded assembly
- Finished resetting the current domain, in  1.457 seconds
Domain Reload Profiling: 2173ms
	BeginReloadAssembly (240ms)
		ExecutionOrderSort (0ms)
		DisableScriptedObjects (10ms)
		BackupInstance (0ms)
		ReleaseScriptingObjects (0ms)
		CreateAndSetChildDomain (51ms)
	RebuildCommonClasses (47ms)
	RebuildNativeTypeToScriptingClass (16ms)
	initialDomainReloadingComplete (41ms)
	LoadAllAssembliesAndSetupDomain (370ms)
		LoadAssemblies (495ms)
		RebuildTransferFunctionScriptingTraits (0ms)
		AnalyzeDomain (19ms)
			TypeCache.Refresh (9ms)
				TypeCache.ScanAssembly (0ms)
			ScanForSourceGeneratedMonoScriptInfo (0ms)
			ResolveRequiredComponents (7ms)
	FinalizeReload (1458ms)
		ReleaseScriptCaches (0ms)
		RebuildScriptCaches (0ms)
		SetupLoadedEditorAssemblies (795ms)
			LogAssemblyErrors (0ms)
			InitializePlatformSupportModulesInManaged (62ms)
			SetLoadedEditorAssemblies (5ms)
			RefreshPlugins (0ms)
			BeforeProcessingInitializeOnLoad (91ms)
			ProcessInitializeOnLoadAttributes (599ms)
			ProcessInitializeOnLoadMethodAttributes (32ms)
			AfterProcessingInitializeOnLoad (6ms)
			EditorAssembliesLoaded (0ms)
		ExecutionOrderSort2 (0ms)
		AwakeInstancesAfterBackupRestoration (12ms)
Refreshing native plugins compatible for Editor in 5.61 ms, found 3 plugins.
Preloading 0 native plugins for Editor in 0.00 ms.
Unloading 3187 Unused Serialized files (Serialized files now loaded: 0)
Unloading 35 unused Assets / (36.4 KB). Loaded Objects now: 3681.
Memory consumption went from 138.4 MB to 138.3 MB.
Total: 4.600200 ms (FindLiveObjects: 0.325100 ms CreateObjectMapping: 0.108200 ms MarkObjects: 4.082200 ms  DeleteObjects: 0.083400 ms)

Prepare: number of updated asset objects reloaded= 0
AssetImportParameters requested are different than current active one (requested -> active):
  custom:scripting/monoscript/fileName/Deck.cs: df396a88cac14245c45bc1a8e101d8d4 -> 
  custom:scripting/monoscript/fileName/RoomDataSaver.cs: 1caacf0391a7601f1c3aa8658e3aa74e -> 
  custom:container-demuxer-ogg: 62fdf1f143b41e24485cea50d1cbac27 -> 
  custom:scripting/monoscript/fileName/CustomCursore.cs: 42a1d84cacb264842f41e96ce3cdf017 -> 
  custom:scripting/monoscript/fileName/PlayersAssigner.cs: b6c65abe3896c7a95a0e5f957ebc9809 -> 
  custom:video-decoder-ogg-theora: a1e56fd34408186e4bbccfd4996cb3dc -> 
  custom:framework-win-MediaFoundation: 216162199b28c13a410421893ffa2e32 -> 
  custom:scripting/monoscript/fileName/NewBehaviourScript.cs: b21687ddb03d73bd9f0c1daecb9714de -> 
  custom:scripting/monoscript/fileName/NetworkCardData.cs: dda450dba202858bb99f0e5aa0962d24 -> 
  custom:scripting/monoscript/fileName/NetworkConverter.cs: 82cd12050fe90ad1678d42995eb02771 -> 
  custom:scripting/monoscript/fileName/GameSceneLoading.cs: c2d4a02aed9ed8ff086207aadeb9f7ed -> 
  custom:scripting/monoscript/fileName/TableCardsView.cs: 963fb9021261217af4d750f5acb97d61 -> 
  custom:scripting/monoscript/fileName/CardData.cs: 399fa9a6a55a568136b24c04fd07ed5c -> 
  custom:scripting/monoscript/fileName/GameTypeMarker.cs: 1862cc1fde436b59e8c9bfb428aac1c9 -> 
  custom:CustomObjectIndexerAttribute: 9a22284fe3817be447336de3de66b15e -> 
  custom:scripting/monoscript/fileName/PlayerManager.cs: fa278fc629bee650391d87d1007e9d4f -> 
  custom:scripting/monoscript/fileName/TestCardDealer.cs: ef4a513f819a96326bd1eea720fd5438 -> 
  custom:container-demuxer-webm: 4f35f7cbe854078d1ac9338744f61a02 -> 
  custom:scripting/monoscript/fileName/GlobalCardsContainer.cs: 1bc4c2eece27a4da86690f3bd2e47fae -> 
  custom:scripting/monoscript/fileName/PlayerButtonsView.cs: dd8e4f6ac0faf0381258c7b8fc54b122 -> 
  custom:scripting/monoscript/fileName/PlayerHandler.cs: 8f6c48bff78d1146bdf2637d02ca276f -> 
  custom:scripting/monoscript/fileName/GameEventsContainer.cs: 46b29c1b37707cfd0b27f02c26830c3d -> 
  custom:scripting/monoscript/fileName/RoomMarker.cs: 614aae13d5f61b8fe245e1bb2bb5310c -> 
  custom:container-muxer-webm: aa71ff27fc2769a1b78a27578f13a17b -> 
  custom:scripting/monoscript/fileName/WinView.cs: 52c7c30285df880447240c8b763b2866 -> 
  custom:scripting/monoscript/fileName/OtherPlayerButtonsView.cs: d95433824acdbeca1736ee452b2b1838 -> 
  custom:video-decoder-webm-vp8: 9c59270c3fd7afecdb556c50c9e8de78 -> 
  custom:SearchIndexIgnoredProperties: e643bd26f0fe6173181afceb89e7c659 -> 
  custom:AudioImporter_EditorPlatform: d09bf68614088b80899f8185d706f6e7 -> 
  custom:scripting/monoscript/fileName/KOSTYL.cs: a26c68c9f2cf855ec4886778bed02e29 -> 
  custom:scripting/monoscript/fileName/PlayerActionsView.cs: 3c0a03ec050bc5f31409f302f12cdd41 -> 
  custom:scripting/monoscript/fileName/ActionButton.cs: 71d2e65a99c949992886df8d8b1da776 -> 
  custom:scripting/monoscript/fileName/TestLobbyManager.cs: fea6f325f47da781fd52ad9657895785 -> 
  custom:scripting/monoscript/fileName/GameState.cs: e894704e65894b935b318788cb43968e -> 
  custom:scripting/monoscript/fileName/RoomData.cs: 2691cdb3090cd1d1fc9e88811cf4e6a4 -> 
  custom:scripting/monoscript/fileName/BaseGameButton.cs: bf06f48d64a640915cbc8516a867055e -> 
  custom:scripting/monoscript/fileName/NetworkTableCardData.cs: c73be535d2ab6c2561abaa7b706885fd -> 
  custom:scripting/monoscript/fileName/TableDropZone.cs: c34cd0374cc58b4daa0b84ee5b9712da -> 
  custom:video-encoder-webm-vp8: eb34c28f22e8b96e1ab97ce403110664 -> 
  custom:audio-decoder-ogg-vorbis: bf7c407c2cedff20999df2af8eb42d56 -> 
  custom:scripting/monoscript/fileName/NetworkPlayerData.cs: 971119da9990a695309e6465d8062387 -> 
  custom:scripting/monoscript/fileName/PlayerViewsConnector.cs: 07301024063f91103db63a4213f631c1 -> 
  custom:scripting/monoscript/fileName/DeckView.cs: b914c03e0bc351402a5cc1d894441451 -> 
  custom:scripting/monoscript/fileName/PlayersContainer.cs: 2bdd74635bf88142bbc8b8bf017def6a -> 
  custom:scripting/monoscript/fileName/Player.cs: 007e2e63cbf915a2b71612a7f593548a -> 
  custom:audio-encoder-webm-vorbis: bf7c407c2cedff20999df2af8eb42d56 -> 
  custom:scripting/monoscript/fileName/PlayerCardsView.cs: c45b7749011d83721043ef3a376d963f -> 
========================================================================
Received Prepare
Refreshing native plugins compatible for Editor in 7.15 ms, found 3 plugins.
Preloading 0 native plugins for Editor in 0.00 ms.
Unloading 1 Unused Serialized files (Serialized files now loaded: 0)
Unloading 1 unused Assets / (3.1 KB). Loaded Objects now: 3681.
Memory consumption went from 89.4 MB to 89.4 MB.
Total: 6.547800 ms (FindLiveObjects: 0.407300 ms CreateObjectMapping: 0.153600 ms MarkObjects: 5.947600 ms  DeleteObjects: 0.037800 ms)

Prepare: number of updated asset objects reloaded= 0
AssetImportParameters requested are different than current active one (requested -> active):
  custom:scripting/monoscript/fileName/Deck.cs: df396a88cac14245c45bc1a8e101d8d4 -> 
  custom:scripting/monoscript/fileName/RoomDataSaver.cs: 1caacf0391a7601f1c3aa8658e3aa74e -> 
  custom:container-demuxer-ogg: 62fdf1f143b41e24485cea50d1cbac27 -> 
  custom:scripting/monoscript/fileName/CustomCursore.cs: 42a1d84cacb264842f41e96ce3cdf017 -> 
  custom:scripting/monoscript/fileName/PlayersAssigner.cs: b6c65abe3896c7a95a0e5f957ebc9809 -> 
  custom:video-decoder-ogg-theora: a1e56fd34408186e4bbccfd4996cb3dc -> 
  custom:framework-win-MediaFoundation: 216162199b28c13a410421893ffa2e32 -> 
  custom:scripting/monoscript/fileName/NewBehaviourScript.cs: b21687ddb03d73bd9f0c1daecb9714de -> 
  custom:scripting/monoscript/fileName/NetworkCardData.cs: dda450dba202858bb99f0e5aa0962d24 -> 
  custom:scripting/monoscript/fileName/NetworkConverter.cs: 82cd12050fe90ad1678d42995eb02771 -> 
  custom:scripting/monoscript/fileName/GameSceneLoading.cs: c2d4a02aed9ed8ff086207aadeb9f7ed -> 
  custom:scripting/monoscript/fileName/TableCardsView.cs: 963fb9021261217af4d750f5acb97d61 -> 
  custom:scripting/monoscript/fileName/CardData.cs: 399fa9a6a55a568136b24c04fd07ed5c -> 
  custom:scripting/monoscript/fileName/GameTypeMarker.cs: 1862cc1fde436b59e8c9bfb428aac1c9 -> 
  custom:CustomObjectIndexerAttribute: 9a22284fe3817be447336de3de66b15e -> 
  custom:scripting/monoscript/fileName/PlayerManager.cs: fa278fc629bee650391d87d1007e9d4f -> 
  custom:scripting/monoscript/fileName/TestCardDealer.cs: ef4a513f819a96326bd1eea720fd5438 -> 
  custom:container-demuxer-webm: 4f35f7cbe854078d1ac9338744f61a02 -> 
  custom:scripting/monoscript/fileName/GlobalCardsContainer.cs: 1bc4c2eece27a4da86690f3bd2e47fae -> 
  custom:scripting/monoscript/fileName/PlayerButtonsView.cs: dd8e4f6ac0faf0381258c7b8fc54b122 -> 
  custom:scripting/monoscript/fileName/PlayerHandler.cs: 8f6c48bff78d1146bdf2637d02ca276f -> 
  custom:scripting/monoscript/fileName/GameEventsContainer.cs: 46b29c1b37707cfd0b27f02c26830c3d -> 
  custom:scripting/monoscript/fileName/RoomMarker.cs: 614aae13d5f61b8fe245e1bb2bb5310c -> 
  custom:container-muxer-webm: aa71ff27fc2769a1b78a27578f13a17b -> 
  custom:scripting/monoscript/fileName/WinView.cs: 52c7c30285df880447240c8b763b2866 -> 
  custom:scripting/monoscript/fileName/OtherPlayerButtonsView.cs: d95433824acdbeca1736ee452b2b1838 -> 
  custom:video-decoder-webm-vp8: 9c59270c3fd7afecdb556c50c9e8de78 -> 
  custom:SearchIndexIgnoredProperties: e643bd26f0fe6173181afceb89e7c659 -> 
  custom:AudioImporter_EditorPlatform: d09bf68614088b80899f8185d706f6e7 -> 
  custom:scripting/monoscript/fileName/KOSTYL.cs: a26c68c9f2cf855ec4886778bed02e29 -> 
  custom:scripting/monoscript/fileName/PlayerActionsView.cs: 3c0a03ec050bc5f31409f302f12cdd41 -> 
  custom:scripting/monoscript/fileName/ActionButton.cs: 71d2e65a99c949992886df8d8b1da776 -> 
  custom:scripting/monoscript/fileName/TestLobbyManager.cs: fea6f325f47da781fd52ad9657895785 -> 
  custom:scripting/monoscript/fileName/GameState.cs: e894704e65894b935b318788cb43968e -> 
  custom:scripting/monoscript/fileName/RoomData.cs: 2691cdb3090cd1d1fc9e88811cf4e6a4 -> 
  custom:scripting/monoscript/fileName/BaseGameButton.cs: bf06f48d64a640915cbc8516a867055e -> 
  custom:scripting/monoscript/fileName/NetworkTableCardData.cs: c73be535d2ab6c2561abaa7b706885fd -> 
  custom:scripting/monoscript/fileName/TableDropZone.cs: c34cd0374cc58b4daa0b84ee5b9712da -> 
  custom:video-encoder-webm-vp8: eb34c28f22e8b96e1ab97ce403110664 -> 
  custom:audio-decoder-ogg-vorbis: bf7c407c2cedff20999df2af8eb42d56 -> 
  custom:scripting/monoscript/fileName/NetworkPlayerData.cs: 971119da9990a695309e6465d8062387 -> 
  custom:scripting/monoscript/fileName/PlayerViewsConnector.cs: 07301024063f91103db63a4213f631c1 -> 
  custom:scripting/monoscript/fileName/DeckView.cs: b914c03e0bc351402a5cc1d894441451 -> 
  custom:scripting/monoscript/fileName/PlayersContainer.cs: 2bdd74635bf88142bbc8b8bf017def6a -> 
  custom:scripting/monoscript/fileName/Player.cs: 007e2e63cbf915a2b71612a7f593548a -> 
  custom:audio-encoder-webm-vorbis: bf7c407c2cedff20999df2af8eb42d56 -> 
  custom:scripting/monoscript/fileName/PlayerCardsView.cs: c45b7749011d83721043ef3a376d963f -> 
========================================================================
Received Prepare
Refreshing native plugins compatible for Editor in 6.27 ms, found 3 plugins.
Preloading 0 native plugins for Editor in 0.00 ms.
Unloading 1 Unused Serialized files (Serialized files now loaded: 0)
Unloading 1 unused Assets / (3.1 KB). Loaded Objects now: 3681.
Memory consumption went from 89.0 MB to 89.0 MB.
Total: 4.945800 ms (FindLiveObjects: 0.339600 ms CreateObjectMapping: 0.102100 ms MarkObjects: 4.470600 ms  DeleteObjects: 0.032000 ms)

Prepare: number of updated asset objects reloaded= 0
AssetImportParameters requested are different than current active one (requested -> active):
  custom:scripting/monoscript/fileName/Deck.cs: df396a88cac14245c45bc1a8e101d8d4 -> 
  custom:scripting/monoscript/fileName/RoomDataSaver.cs: 1caacf0391a7601f1c3aa8658e3aa74e -> 
  custom:container-demuxer-ogg: 62fdf1f143b41e24485cea50d1cbac27 -> 
  custom:scripting/monoscript/fileName/CustomCursore.cs: 42a1d84cacb264842f41e96ce3cdf017 -> 
  custom:scripting/monoscript/fileName/PlayersAssigner.cs: b6c65abe3896c7a95a0e5f957ebc9809 -> 
  custom:video-decoder-ogg-theora: a1e56fd34408186e4bbccfd4996cb3dc -> 
  custom:framework-win-MediaFoundation: 216162199b28c13a410421893ffa2e32 -> 
  custom:scripting/monoscript/fileName/NewBehaviourScript.cs: b21687ddb03d73bd9f0c1daecb9714de -> 
  custom:scripting/monoscript/fileName/NetworkCardData.cs: dda450dba202858bb99f0e5aa0962d24 -> 
  custom:scripting/monoscript/fileName/NetworkConverter.cs: 82cd12050fe90ad1678d42995eb02771 -> 
  custom:scripting/monoscript/fileName/GameSceneLoading.cs: c2d4a02aed9ed8ff086207aadeb9f7ed -> 
  custom:scripting/monoscript/fileName/TableCardsView.cs: 963fb9021261217af4d750f5acb97d61 -> 
  custom:scripting/monoscript/fileName/CardData.cs: 399fa9a6a55a568136b24c04fd07ed5c -> 
  custom:scripting/monoscript/fileName/GameTypeMarker.cs: 1862cc1fde436b59e8c9bfb428aac1c9 -> 
  custom:CustomObjectIndexerAttribute: 9a22284fe3817be447336de3de66b15e -> 
  custom:scripting/monoscript/fileName/PlayerManager.cs: fa278fc629bee650391d87d1007e9d4f -> 
  custom:scripting/monoscript/fileName/TestCardDealer.cs: ef4a513f819a96326bd1eea720fd5438 -> 
  custom:container-demuxer-webm: 4f35f7cbe854078d1ac9338744f61a02 -> 
  custom:scripting/monoscript/fileName/GlobalCardsContainer.cs: 1bc4c2eece27a4da86690f3bd2e47fae -> 
  custom:scripting/monoscript/fileName/PlayerButtonsView.cs: dd8e4f6ac0faf0381258c7b8fc54b122 -> 
  custom:scripting/monoscript/fileName/PlayerHandler.cs: 8f6c48bff78d1146bdf2637d02ca276f -> 
  custom:scripting/monoscript/fileName/GameEventsContainer.cs: 46b29c1b37707cfd0b27f02c26830c3d -> 
  custom:scripting/monoscript/fileName/RoomMarker.cs: 614aae13d5f61b8fe245e1bb2bb5310c -> 
  custom:container-muxer-webm: aa71ff27fc2769a1b78a27578f13a17b -> 
  custom:scripting/monoscript/fileName/WinView.cs: 52c7c30285df880447240c8b763b2866 -> 
  custom:scripting/monoscript/fileName/OtherPlayerButtonsView.cs: d95433824acdbeca1736ee452b2b1838 -> 
  custom:video-decoder-webm-vp8: 9c59270c3fd7afecdb556c50c9e8de78 -> 
  custom:SearchIndexIgnoredProperties: e643bd26f0fe6173181afceb89e7c659 -> 
  custom:AudioImporter_EditorPlatform: d09bf68614088b80899f8185d706f6e7 -> 
  custom:scripting/monoscript/fileName/KOSTYL.cs: a26c68c9f2cf855ec4886778bed02e29 -> 
  custom:scripting/monoscript/fileName/PlayerActionsView.cs: 3c0a03ec050bc5f31409f302f12cdd41 -> 
  custom:scripting/monoscript/fileName/ActionButton.cs: 71d2e65a99c949992886df8d8b1da776 -> 
  custom:scripting/monoscript/fileName/TestLobbyManager.cs: fea6f325f47da781fd52ad9657895785 -> 
  custom:scripting/monoscript/fileName/GameState.cs: e894704e65894b935b318788cb43968e -> 
  custom:scripting/monoscript/fileName/RoomData.cs: 2691cdb3090cd1d1fc9e88811cf4e6a4 -> 
  custom:scripting/monoscript/fileName/BaseGameButton.cs: bf06f48d64a640915cbc8516a867055e -> 
  custom:scripting/monoscript/fileName/NetworkTableCardData.cs: c73be535d2ab6c2561abaa7b706885fd -> 
  custom:scripting/monoscript/fileName/TableDropZone.cs: c34cd0374cc58b4daa0b84ee5b9712da -> 
  custom:video-encoder-webm-vp8: eb34c28f22e8b96e1ab97ce403110664 -> 
  custom:audio-decoder-ogg-vorbis: bf7c407c2cedff20999df2af8eb42d56 -> 
  custom:scripting/monoscript/fileName/NetworkPlayerData.cs: 971119da9990a695309e6465d8062387 -> 
  custom:scripting/monoscript/fileName/PlayerViewsConnector.cs: 07301024063f91103db63a4213f631c1 -> 
  custom:scripting/monoscript/fileName/DeckView.cs: b914c03e0bc351402a5cc1d894441451 -> 
  custom:scripting/monoscript/fileName/PlayersContainer.cs: 2bdd74635bf88142bbc8b8bf017def6a -> 
  custom:scripting/monoscript/fileName/Player.cs: 007e2e63cbf915a2b71612a7f593548a -> 
  custom:audio-encoder-webm-vorbis: bf7c407c2cedff20999df2af8eb42d56 -> 
  custom:scripting/monoscript/fileName/PlayerCardsView.cs: c45b7749011d83721043ef3a376d963f -> 
